2023-12-12 21:07:21	ci_store_cronjob_api()
2023-12-12 21:07:21	ci_cronjob_do_cmd() status:paused
2023-12-12 21:07:23	do_loop() status:started{
    "is_running": true,
    "status": "started",
    "started": "2023-12-11 21:22:08",
    "updated": null,
    "products": [],
    "cursor": null,
    "data": null,
    "attempt_auto_start_success": false,
    "loops": 46613,
    "loop_status": "running",
    "elapsed": 52255
}
2023-12-12 21:07:24	ci_store_cronjob_api()
2023-12-12 21:07:24	ci_cronjob_do_cmd() status:paused
2023-12-12 21:07:26	ci_update_products_action() status:started
2023-12-12 21:07:28	ci_store_cronjob_api()
2023-12-12 21:07:28	ci_cronjob_do_cmd() status:paused
2023-12-12 21:07:28	ci_handle_schedule_event() status:paused
2023-12-12 21:07:29	do_loop() status:started{
    "is_running": true,
    "status": "started",
    "started": "2023-12-11 21:22:08",
    "updated": null,
    "products": [],
    "cursor": null,
    "data": null,
    "attempt_auto_start_success": false,
    "loops": 46613,
    "loop_status": "running",
    "elapsed": 52255
}
2023-12-12 21:07:31	ci_store_cronjob_api()
2023-12-12 21:07:31	ci_cronjob_do_cmd() status:paused
2023-12-12 21:07:32	ci_update_products_action() status:started
2023-12-12 21:07:34	ci_store_cronjob_api()
2023-12-12 21:07:34	ci_cronjob_do_cmd() status:paused
2023-12-12 21:07:35	do_loop() status:started{
    "is_running": true,
    "status": "started",
    "started": "2023-12-11 21:22:08",
    "updated": null,
    "products": [],
    "cursor": null,
    "data": null,
    "attempt_auto_start_success": false,
    "loops": 46613,
    "loop_status": "running",
    "elapsed": 52255
}
2023-12-12 21:07:37	ci_store_cronjob_api()
2023-12-12 21:07:37	ci_cronjob_do_cmd() status:paused
2023-12-12 21:07:38	ci_update_products_action() status:started
2023-12-12 21:07:41	do_loop() status:started{
    "is_running": true,
    "status": "started",
    "started": "2023-12-11 21:22:08",
    "updated": null,
    "products": [],
    "cursor": null,
    "data": null,
    "attempt_auto_start_success": false,
    "loops": 46613,
    "loop_status": "running",
    "elapsed": 52255
}
2023-12-12 21:07:42	ci_store_cronjob_api()
2023-12-12 21:07:42	ci_cronjob_do_cmd() status:paused
2023-12-12 21:07:42	ci_update_products_action() status:paused
2023-12-12 21:07:44	ci_update_products_action() status:started
2023-12-12 21:07:45	ci_store_cronjob_api()
2023-12-12 21:07:45	ci_cronjob_do_cmd() status:paused
2023-12-12 21:07:47	do_loop() status:started{
    "is_running": true,
    "status": "started",
    "started": "2023-12-11 21:22:08",
    "updated": null,
    "products": [],
    "cursor": null,
    "data": null,
    "attempt_auto_start_success": false,
    "loops": 46613,
    "loop_status": "running",
    "elapsed": 52255
}
2023-12-12 21:07:48	ci_store_cronjob_api()
2023-12-12 21:07:48	ci_cronjob_do_cmd() status:paused
2023-12-12 21:07:50	ci_update_products_action() status:started
2023-12-12 21:07:51	ci_store_cronjob_api()
2023-12-12 21:07:51	ci_cronjob_do_cmd() status:paused
2023-12-12 21:07:53	do_loop() status:started{
    "is_running": true,
    "status": "started",
    "started": "2023-12-11 21:22:08",
    "updated": null,
    "products": [],
    "cursor": null,
    "data": null,
    "attempt_auto_start_success": false,
    "loops": 46613,
    "loop_status": "running",
    "elapsed": 52255
}
2023-12-12 21:07:54	ci_store_cronjob_api()
2023-12-12 21:07:54	ci_cronjob_do_cmd() status:paused
2023-12-12 21:07:56	ci_update_products_action() status:started
2023-12-12 21:07:57	ci_store_cronjob_api()
2023-12-12 21:07:57	ci_cronjob_do_cmd() status:paused
2023-12-12 21:07:59	do_loop() status:started{
    "is_running": true,
    "status": "started",
    "started": "2023-12-11 21:22:08",
    "updated": null,
    "products": [],
    "cursor": null,
    "data": null,
    "attempt_auto_start_success": false,
    "loops": 46613,
    "loop_status": "running",
    "elapsed": 52255
}
2023-12-12 21:08:02	ci_update_products_action() status:started
2023-12-12 21:08:05	do_loop() status:started{
    "is_running": true,
    "status": "started",
    "started": "2023-12-11 21:22:08",
    "updated": null,
    "products": [],
    "cursor": null,
    "data": null,
    "attempt_auto_start_success": false,
    "loops": 46613,
    "loop_status": "running",
    "elapsed": 52255
}
2023-12-12 21:08:08	ci_update_products_action() status:started
2023-12-12 21:08:11	do_loop() status:started{
    "is_running": true,
    "status": "started",
    "started": "2023-12-11 21:22:08",
    "updated": null,
    "products": [],
    "cursor": null,
    "data": null,
    "attempt_auto_start_success": false,
    "loops": 46613,
    "loop_status": "running",
    "elapsed": 52255
}
2023-12-12 21:08:14	ci_update_products_action() status:started
2023-12-12 21:08:17	do_loop() status:started{
    "is_running": true,
    "status": "started",
    "started": "2023-12-11 21:22:08",
    "updated": null,
    "products": [],
    "cursor": null,
    "data": null,
    "attempt_auto_start_success": false,
    "loops": 46613,
    "loop_status": "running",
    "elapsed": 52255
}
2023-12-12 21:08:20	ci_update_products_action() status:started
2023-12-12 21:08:23	do_loop() status:started{
    "is_running": true,
    "status": "started",
    "started": "2023-12-11 21:22:08",
    "updated": null,
    "products": [],
    "cursor": null,
    "data": null,
    "attempt_auto_start_success": false,
    "loops": 46613,
    "loop_status": "running",
    "elapsed": 52255
}
2023-12-12 21:08:26	ci_update_products_action() status:started
2023-12-12 21:08:29	do_loop() status:started{
    "is_running": true,
    "status": "started",
    "started": "2023-12-11 21:22:08",
    "updated": null,
    "products": [],
    "cursor": null,
    "data": null,
    "attempt_auto_start_success": false,
    "loops": 46613,
    "loop_status": "running",
    "elapsed": 52255
}
2023-12-12 21:08:32	ci_update_products_action() status:started
2023-12-12 21:08:35	do_loop() status:started{
    "is_running": true,
    "status": "started",
    "started": "2023-12-11 21:22:08",
    "updated": null,
    "products": [],
    "cursor": null,
    "data": null,
    "attempt_auto_start_success": false,
    "loops": 46613,
    "loop_status": "running",
    "elapsed": 52255
}
2023-12-12 21:08:37	ci_store_cronjob_api()
2023-12-12 21:08:37	ci_handle_schedule_event() status:paused
2023-12-12 21:08:38	ci_store_cronjob_api()
2023-12-12 21:08:38	ci_update_products_action() status:started
2023-12-12 21:08:41	do_loop() status:started{
    "is_running": true,
    "status": "started",
    "started": "2023-12-11 21:22:08",
    "updated": null,
    "products": [],
    "cursor": null,
    "data": null,
    "attempt_auto_start_success": false,
    "loops": 46613,
    "loop_status": "running",
    "elapsed": 52255
}
2023-12-12 21:08:41	schedule_product_update() next=2023-12-12T21:09:27+00:00
2023-12-12 21:08:41	ci_update_products_action() status:paused
2023-12-12 21:08:41	ci_store_cronjob_api()
2023-12-12 21:08:44	ci_update_products_action() status:started
2023-12-12 21:08:44	ci_store_cronjob_api()
2023-12-12 21:08:47	do_loop() status:started{
    "is_running": true,
    "status": "started",
    "started": "2023-12-11 21:22:08",
    "updated": null,
    "products": [],
    "cursor": null,
    "data": null,
    "attempt_auto_start_success": false,
    "loops": 46613,
    "loop_status": "running",
    "elapsed": 52255
}
2023-12-12 21:08:47	ci_store_cronjob_api()
2023-12-12 21:08:50	ci_update_products_action() status:started
2023-12-12 21:08:50	ci_store_cronjob_api()
2023-12-12 21:08:53	do_loop() status:started{
    "is_running": true,
    "status": "started",
    "started": "2023-12-11 21:22:08",
    "updated": null,
    "products": [],
    "cursor": null,
    "data": null,
    "attempt_auto_start_success": false,
    "loops": 46613,
    "loop_status": "running",
    "elapsed": 52255
}
2023-12-12 21:08:53	ci_store_cronjob_api()
2023-12-12 21:08:56	ci_update_products_action() status:started
2023-12-12 21:08:56	ci_store_cronjob_api()
2023-12-12 21:08:59	do_loop() status:started{
    "is_running": true,
    "status": "started",
    "started": "2023-12-11 21:22:08",
    "updated": null,
    "products": [],
    "cursor": null,
    "data": null,
    "attempt_auto_start_success": false,
    "loops": 46613,
    "loop_status": "running",
    "elapsed": 52255
}
2023-12-12 21:09:00	ci_store_cronjob_api()
2023-12-12 21:09:02	ci_update_products_action() status:started
2023-12-12 21:09:04	ci_store_cronjob_api()
2023-12-12 21:09:05	do_loop() status:started{
    "is_running": true,
    "status": "started",
    "started": "2023-12-11 21:22:08",
    "updated": null,
    "products": [],
    "cursor": null,
    "data": null,
    "attempt_auto_start_success": false,
    "loops": 46613,
    "loop_status": "running",
    "elapsed": 52255
}
2023-12-12 21:09:07	ci_store_cronjob_api()
2023-12-12 21:09:08	ci_update_products_action() status:started
2023-12-12 21:09:10	ci_store_cronjob_api()
2023-12-12 21:09:11	do_loop() status:started{
    "is_running": true,
    "status": "started",
    "started": "2023-12-11 21:22:08",
    "updated": null,
    "products": [],
    "cursor": null,
    "data": null,
    "attempt_auto_start_success": false,
    "loops": 46613,
    "loop_status": "running",
    "elapsed": 52255
}
2023-12-12 21:09:13	ci_store_cronjob_api()
2023-12-12 21:09:14	ci_update_products_action() status:started
2023-12-12 21:09:16	ci_store_cronjob_api()
2023-12-12 21:09:17	do_loop() status:started{
    "is_running": true,
    "status": "started",
    "started": "2023-12-11 21:22:08",
    "updated": null,
    "products": [],
    "cursor": null,
    "data": null,
    "attempt_auto_start_success": false,
    "loops": 46613,
    "loop_status": "running",
    "elapsed": 52255
}
2023-12-12 21:09:19	ci_store_cronjob_api()
2023-12-12 21:09:20	ci_update_products_action() status:started
2023-12-12 21:09:22	ci_store_cronjob_api()
2023-12-12 21:09:23	do_loop() status:started{
    "is_running": true,
    "status": "started",
    "started": "2023-12-11 21:22:08",
    "updated": null,
    "products": [],
    "cursor": null,
    "data": null,
    "attempt_auto_start_success": false,
    "loops": 46613,
    "loop_status": "running",
    "elapsed": 52255
}
2023-12-12 21:09:25	ci_store_cronjob_api()
2023-12-12 21:09:26	ci_update_products_action() status:started
2023-12-12 21:09:29	do_loop() status:started{
    "is_running": true,
    "status": "started",
    "started": "2023-12-11 21:22:08",
    "updated": null,
    "products": [],
    "cursor": null,
    "data": null,
    "attempt_auto_start_success": false,
    "loops": 46613,
    "loop_status": "running",
    "elapsed": 52255
}
2023-12-12 21:09:30	ci_store_cronjob_api()
2023-12-12 21:09:30	ci_handle_schedule_event() status:paused
2023-12-12 21:09:32	ci_update_products_action() status:started
2023-12-12 21:09:33	ci_store_cronjob_api()
2023-12-12 21:09:35	do_loop() status:started{
    "is_running": true,
    "status": "started",
    "started": "2023-12-11 21:22:08",
    "updated": null,
    "products": [],
    "cursor": null,
    "data": null,
    "attempt_auto_start_success": false,
    "loops": 46613,
    "loop_status": "running",
    "elapsed": 52255
}
2023-12-12 21:09:36	ci_store_cronjob_api()
2023-12-12 21:09:38	ci_update_products_action() status:started
2023-12-12 21:09:40	ci_store_cronjob_api()
2023-12-12 21:09:40	ci_update_products_action() status:paused
2023-12-12 21:09:41	do_loop() status:started{
    "is_running": true,
    "status": "started",
    "started": "2023-12-11 21:22:08",
    "updated": null,
    "products": [],
    "cursor": null,
    "data": null,
    "attempt_auto_start_success": false,
    "loops": 46613,
    "loop_status": "running",
    "elapsed": 52255
}
2023-12-12 21:09:43	ci_store_cronjob_api()
2023-12-12 21:09:44	ci_update_products_action() status:started
2023-12-12 21:09:46	ci_store_cronjob_api()
2023-12-12 21:09:47	do_loop() status:started{
    "is_running": true,
    "status": "started",
    "started": "2023-12-11 21:22:08",
    "updated": null,
    "products": [],
    "cursor": null,
    "data": null,
    "attempt_auto_start_success": false,
    "loops": 46613,
    "loop_status": "running",
    "elapsed": 52255
}
2023-12-12 21:09:49	ci_store_cronjob_api()
2023-12-12 21:09:50	ci_update_products_action() status:started
2023-12-12 21:09:52	ci_store_cronjob_api()
2023-12-12 21:09:53	do_loop() status:started{
    "is_running": true,
    "status": "started",
    "started": "2023-12-11 21:22:08",
    "updated": null,
    "products": [],
    "cursor": null,
    "data": null,
    "attempt_auto_start_success": false,
    "loops": 46613,
    "loop_status": "running",
    "elapsed": 52255
}
2023-12-12 21:09:55	ci_store_cronjob_api()
2023-12-12 21:09:56	ci_update_products_action() status:started
2023-12-12 21:09:59	ci_store_cronjob_api()
2023-12-12 21:09:59	do_loop() status:started{
    "is_running": true,
    "status": "started",
    "started": "2023-12-11 21:22:08",
    "updated": null,
    "products": [],
    "cursor": null,
    "data": null,
    "attempt_auto_start_success": false,
    "loops": 46613,
    "loop_status": "running",
    "elapsed": 52255
}
2023-12-12 21:10:02	ci_store_cronjob_api()
2023-12-12 21:10:02	ci_update_products_action() status:started
2023-12-12 21:10:05	do_loop() status:started{
    "is_running": true,
    "status": "started",
    "started": "2023-12-11 21:22:08",
    "updated": null,
    "products": [],
    "cursor": null,
    "data": null,
    "attempt_auto_start_success": false,
    "loops": 46613,
    "loop_status": "running",
    "elapsed": 52255
}
2023-12-12 21:10:06	ci_store_cronjob_api()
2023-12-12 21:10:08	ci_update_products_action() status:started
2023-12-12 21:10:09	ci_store_cronjob_api()
2023-12-12 21:10:11	do_loop() status:started{
    "is_running": true,
    "status": "started",
    "started": "2023-12-11 21:22:08",
    "updated": null,
    "products": [],
    "cursor": null,
    "data": null,
    "attempt_auto_start_success": false,
    "loops": 46613,
    "loop_status": "running",
    "elapsed": 52255
}
2023-12-12 21:10:12	ci_store_cronjob_api()
2023-12-12 21:10:14	ci_update_products_action() status:started
2023-12-12 21:10:15	ci_store_cronjob_api()
2023-12-12 21:10:17	do_loop() status:started{
    "is_running": true,
    "status": "started",
    "started": "2023-12-11 21:22:08",
    "updated": null,
    "products": [],
    "cursor": null,
    "data": null,
    "attempt_auto_start_success": false,
    "loops": 46613,
    "loop_status": "running",
    "elapsed": 52255
}
2023-12-12 21:10:18	ci_store_cronjob_api()
2023-12-12 21:10:20	ci_update_products_action() status:started
2023-12-12 21:10:21	ci_store_cronjob_api()
2023-12-12 21:10:23	do_loop() status:started{
    "is_running": true,
    "status": "started",
    "started": "2023-12-11 21:22:08",
    "updated": null,
    "products": [],
    "cursor": null,
    "data": null,
    "attempt_auto_start_success": false,
    "loops": 46613,
    "loop_status": "running",
    "elapsed": 52255
}
2023-12-12 21:10:24	ci_store_cronjob_api()
2023-12-12 21:10:26	ci_update_products_action() status:started
2023-12-12 21:10:29	ci_store_cronjob_api()
2023-12-12 21:10:29	ci_handle_schedule_event() status:paused
2023-12-12 21:10:29	do_loop() status:started{
    "is_running": true,
    "status": "started",
    "started": "2023-12-11 21:22:08",
    "updated": null,
    "products": [],
    "cursor": null,
    "data": null,
    "attempt_auto_start_success": false,
    "loops": 46613,
    "loop_status": "running",
    "elapsed": 52255
}
2023-12-12 21:10:32	ci_store_cronjob_api()
2023-12-12 21:10:32	ci_update_products_action() status:started
2023-12-12 21:10:35	ci_store_cronjob_api()
2023-12-12 21:10:35	do_loop() status:started{
    "is_running": true,
    "status": "started",
    "started": "2023-12-11 21:22:08",
    "updated": null,
    "products": [],
    "cursor": null,
    "data": null,
    "attempt_auto_start_success": false,
    "loops": 46613,
    "loop_status": "running",
    "elapsed": 52255
}
2023-12-12 21:10:38	ci_store_cronjob_api()
2023-12-12 21:10:38	ci_update_products_action() status:started
2023-12-12 21:10:41	do_loop() status:started{
    "is_running": true,
    "status": "started",
    "started": "2023-12-11 21:22:08",
    "updated": null,
    "products": [],
    "cursor": null,
    "data": null,
    "attempt_auto_start_success": false,
    "loops": 46613,
    "loop_status": "running",
    "elapsed": 52255
}
2023-12-12 21:10:42	ci_store_cronjob_api()
2023-12-12 21:10:42	ci_update_products_action() status:paused
2023-12-12 21:10:44	ci_update_products_action() status:started
2023-12-12 21:10:45	ci_store_cronjob_api()
2023-12-12 21:10:47	do_loop() status:started{
    "is_running": true,
    "status": "started",
    "started": "2023-12-11 21:22:08",
    "updated": null,
    "products": [],
    "cursor": null,
    "data": null,
    "attempt_auto_start_success": false,
    "loops": 46613,
    "loop_status": "running",
    "elapsed": 52255
}
2023-12-12 21:10:48	ci_store_cronjob_api()
2023-12-12 21:10:50	ci_update_products_action() status:started
2023-12-12 21:10:51	ci_store_cronjob_api()
2023-12-12 21:10:53	do_loop() status:started{
    "is_running": true,
    "status": "started",
    "started": "2023-12-11 21:22:08",
    "updated": null,
    "products": [],
    "cursor": null,
    "data": null,
    "attempt_auto_start_success": false,
    "loops": 46613,
    "loop_status": "running",
    "elapsed": 52255
}
2023-12-12 21:10:54	ci_store_cronjob_api()
2023-12-12 21:10:56	ci_update_products_action() status:started
2023-12-12 21:10:57	ci_store_cronjob_api()
2023-12-12 21:10:59	do_loop() status:started{
    "is_running": true,
    "status": "started",
    "started": "2023-12-11 21:22:08",
    "updated": null,
    "products": [],
    "cursor": null,
    "data": null,
    "attempt_auto_start_success": false,
    "loops": 46613,
    "loop_status": "running",
    "elapsed": 52255
}
2023-12-12 21:11:01	ci_store_cronjob_api()
2023-12-12 21:11:02	ci_update_products_action() status:started
2023-12-12 21:11:05	ci_store_cronjob_api()
2023-12-12 21:11:05	do_loop() status:started{
    "is_running": true,
    "status": "started",
    "started": "2023-12-11 21:22:08",
    "updated": null,
    "products": [],
    "cursor": null,
    "data": null,
    "attempt_auto_start_success": false,
    "loops": 46613,
    "loop_status": "running",
    "elapsed": 52255
}
2023-12-12 21:11:08	ci_store_cronjob_api()
2023-12-12 21:11:08	ci_update_products_action() status:started
2023-12-12 21:11:11	do_loop() status:started{
    "is_running": true,
    "status": "started",
    "started": "2023-12-11 21:22:08",
    "updated": null,
    "products": [],
    "cursor": null,
    "data": null,
    "attempt_auto_start_success": false,
    "loops": 46613,
    "loop_status": "running",
    "elapsed": 52255
}
2023-12-12 21:11:11	ci_store_cronjob_api()
2023-12-12 21:11:14	ci_update_products_action() status:started
2023-12-12 21:11:14	ci_store_cronjob_api()
2023-12-12 21:11:17	do_loop() status:started{
    "is_running": true,
    "status": "started",
    "started": "2023-12-11 21:22:08",
    "updated": null,
    "products": [],
    "cursor": null,
    "data": null,
    "attempt_auto_start_success": false,
    "loops": 46613,
    "loop_status": "running",
    "elapsed": 52255
}
2023-12-12 21:11:17	ci_store_cronjob_api()
2023-12-12 21:11:20	ci_update_products_action() status:started
2023-12-12 21:11:20	ci_store_cronjob_api()
2023-12-12 21:11:23	do_loop() status:started{
    "is_running": true,
    "status": "started",
    "started": "2023-12-11 21:22:08",
    "updated": null,
    "products": [],
    "cursor": null,
    "data": null,
    "attempt_auto_start_success": false,
    "loops": 46613,
    "loop_status": "running",
    "elapsed": 52255
}
2023-12-12 21:11:23	ci_store_cronjob_api()
