2023-12-12 21:57:39	updateJob() status:started is_running1
2023-12-12 21:57:39	do_loop() status:startedis_running:1
2023-12-12 21:57:41	ci_update_products_action() status:started
2023-12-12 21:57:42	updateJob() status:started is_running1
2023-12-12 21:57:42	updateJob() status:started is_running
2023-12-12 21:57:42	ci_update_products_action() status:started
2023-12-12 21:57:44	do_loop() skip already running
2023-12-12 21:57:45	updateJob() status:started is_running1
2023-12-12 21:57:45	do_loop() status:startedis_running:1
2023-12-12 21:57:48	updateJob() status:started is_running1
2023-12-12 21:57:48	updateJob() status:started is_running
2023-12-12 21:57:48	ci_update_products_action() status:started
2023-12-12 21:57:51	updateJob() status:started is_running1
2023-12-12 21:57:51	do_loop() status:startedis_running:1
2023-12-12 21:57:54	updateJob() status:started is_running1
2023-12-12 21:57:54	updateJob() status:started is_running
2023-12-12 21:57:54	ci_update_products_action() status:started
2023-12-12 21:57:57	updateJob() status:started is_running1
2023-12-12 21:57:57	do_loop() status:startedis_running:1
2023-12-12 21:58:00	updateJob() status:started is_running1
2023-12-12 21:58:00	updateJob() status:started is_running
2023-12-12 21:58:00	ci_update_products_action() status:started
2023-12-12 21:58:03	updateJob() status:started is_running1
2023-12-12 21:58:03	do_loop() status:startedis_running:1
2023-12-12 21:58:06	updateJob() status:started is_running1
2023-12-12 21:58:06	updateJob() status:started is_running
2023-12-12 21:58:06	ci_update_products_action() status:started
2023-12-12 21:58:09	updateJob() status:started is_running1
2023-12-12 21:58:09	do_loop() status:startedis_running:1
2023-12-12 21:58:12	updateJob() status:started is_running1
2023-12-12 21:58:12	updateJob() status:started is_running
2023-12-12 21:58:12	ci_update_products_action() status:started
2023-12-12 21:58:15	updateJob() status:started is_running1
2023-12-12 21:58:15	do_loop() status:startedis_running:1
2023-12-12 21:58:18	updateJob() status:started is_running1
2023-12-12 21:58:18	updateJob() status:started is_running
2023-12-12 21:58:18	ci_update_products_action() status:started
2023-12-12 21:58:21	updateJob() status:started is_running1
2023-12-12 21:58:21	do_loop() status:startedis_running:1
2023-12-12 21:58:24	updateJob() status:started is_running1
2023-12-12 21:58:24	updateJob() status:started is_running
2023-12-12 21:58:24	ci_update_products_action() status:started
2023-12-12 21:58:27	ci_handle_schedule_event() status:started
2023-12-12 21:58:27	updateJob() status:started is_running1
2023-12-12 21:58:27	do_loop() status:startedis_running:1
2023-12-12 21:58:30	updateJob() status:started is_running1
2023-12-12 21:58:30	updateJob() status:started is_running
2023-12-12 21:58:30	ci_update_products_action() status:started
2023-12-12 21:58:33	updateJob() status:started is_running1
2023-12-12 21:58:33	do_loop() status:startedis_running:1
2023-12-12 21:58:36	updateJob() status:started is_running1
2023-12-12 21:58:36	updateJob() status:started is_running
2023-12-12 21:58:36	ci_update_products_action() status:started
2023-12-12 21:58:39	updateJob() status:started is_running1
2023-12-12 21:58:39	do_loop() status:startedis_running:1
2023-12-12 21:58:40	ci_update_products_action() status:started
2023-12-12 21:58:42	updateJob() status:started is_running1
2023-12-12 21:58:42	updateJob() status:started is_running
2023-12-12 21:58:42	ci_update_products_action() status:started
2023-12-12 21:58:43	do_loop() skip already running
2023-12-12 21:58:45	updateJob() status:started is_running1
2023-12-12 21:58:45	do_loop() status:startedis_running:1
2023-12-12 21:58:48	updateJob() status:started is_running1
2023-12-12 21:58:48	updateJob() status:started is_running
2023-12-12 21:58:48	ci_update_products_action() status:started
2023-12-12 21:58:51	updateJob() status:started is_running1
2023-12-12 21:58:51	do_loop() status:startedis_running:1
2023-12-12 21:58:54	updateJob() status:started is_running1
2023-12-12 21:58:54	updateJob() status:started is_running
2023-12-12 21:58:54	ci_update_products_action() status:started
2023-12-12 21:58:57	updateJob() status:started is_running1
2023-12-12 21:58:57	do_loop() status:startedis_running:1
2023-12-12 21:59:00	updateJob() status:started is_running1
2023-12-12 21:59:00	updateJob() status:started is_running
2023-12-12 21:59:00	ci_update_products_action() status:started
2023-12-12 21:59:03	updateJob() status:started is_running1
2023-12-12 21:59:03	do_loop() status:startedis_running:1
2023-12-12 21:59:06	updateJob() status:started is_running1
2023-12-12 21:59:06	updateJob() status:started is_running
2023-12-12 21:59:06	ci_update_products_action() status:started
2023-12-12 21:59:09	updateJob() status:started is_running1
2023-12-12 21:59:09	do_loop() status:startedis_running:1
2023-12-12 21:59:12	updateJob() status:started is_running1
2023-12-12 21:59:12	updateJob() status:started is_running
2023-12-12 21:59:12	ci_update_products_action() status:started
2023-12-12 21:59:15	updateJob() status:started is_running1
2023-12-12 21:59:15	do_loop() status:startedis_running:1
2023-12-12 21:59:18	updateJob() status:started is_running1
2023-12-12 21:59:18	updateJob() status:started is_running
2023-12-12 21:59:18	ci_update_products_action() status:started
2023-12-12 21:59:21	updateJob() status:started is_running1
2023-12-12 21:59:21	do_loop() status:startedis_running:1
2023-12-12 21:59:24	updateJob() status:started is_running1
2023-12-12 21:59:24	updateJob() status:started is_running
2023-12-12 21:59:24	ci_update_products_action() status:started
2023-12-12 21:59:27	updateJob() status:started is_running1
2023-12-12 21:59:27	do_loop() status:startedis_running:1
2023-12-12 21:59:29	ci_handle_schedule_event() status:started
2023-12-12 21:59:30	updateJob() status:started is_running1
2023-12-12 21:59:30	updateJob() status:started is_running
2023-12-12 21:59:30	ci_update_products_action() status:started
2023-12-12 21:59:33	updateJob() status:started is_running1
2023-12-12 21:59:33	do_loop() status:startedis_running:1
2023-12-12 21:59:36	updateJob() status:started is_running1
2023-12-12 21:59:36	updateJob() status:started is_running
2023-12-12 21:59:36	ci_update_products_action() status:started
