2024-03-26T18:41:04+00:00	2                             :ln:Undefined variable $scheduled_import	/Users/jasoncontento/Local Sites/tayloredlocal/app/public/wp-content/plugins/ci-store-plugin/hooks/woocommerce_before_single_product.php
2024-03-26T20:23:15+00:00	2                             :ln:Undefined array key 1	/Users/jasoncontento/Local Sites/tayloredlocal/app/public/wp-includes/plugin.php
2024-03-26T20:23:32+00:00	2                             :ln:Undefined array key 1	/Users/jasoncontento/Local Sites/tayloredlocal/app/public/wp-includes/plugin.php
2024-03-26T20:23:54+00:00	2                             :ln:Undefined array key 1	/Users/jasoncontento/Local Sites/tayloredlocal/app/public/wp-includes/plugin.php
2024-03-26T20:24:03+00:00	2                             :ln:Undefined array key 1	/Users/jasoncontento/Local Sites/tayloredlocal/app/public/wp-includes/plugin.php
2024-03-26T20:24:03+00:00	2                             :ln:Undefined array key 1	/Users/jasoncontento/Local Sites/tayloredlocal/app/public/wp-includes/plugin.php
2024-03-26T20:24:04+00:00	2                             :ln:Undefined array key 1	/Users/jasoncontento/Local Sites/tayloredlocal/app/public/wp-includes/plugin.php
2024-03-26T20:24:04+00:00	2                             :ln:Undefined array key 1	/Users/jasoncontento/Local Sites/tayloredlocal/app/public/wp-includes/plugin.php
2024-03-26T20:24:33+00:00	2                             :ln:Undefined array key 1	/Users/jasoncontento/Local Sites/tayloredlocal/app/public/wp-includes/plugin.php
2024-03-26T20:25:04+00:00	2                             :ln:Undefined array key 1	/Users/jasoncontento/Local Sites/tayloredlocal/app/public/wp-includes/plugin.php
2024-03-26T20:25:04+00:00	2                             :ln:Undefined array key 1	/Users/jasoncontento/Local Sites/tayloredlocal/app/public/wp-includes/plugin.php
2024-03-26T20:25:06+00:00	2                             :ln:Undefined array key 1	/Users/jasoncontento/Local Sites/tayloredlocal/app/public/wp-includes/plugin.php
2024-03-26T20:25:06+00:00	2                             :ln:Undefined array key 1	/Users/jasoncontento/Local Sites/tayloredlocal/app/public/wp-includes/plugin.php
2024-03-26T20:37:20+00:00	2                             :ln:Undefined array key "data"	/Users/jasoncontento/Local Sites/tayloredlocal/app/public/wp-content/plugins/ci-store-plugin/ajax/run_patch.php
2024-03-26T21:18:04+00:00	2                             :ln:Undefined array key "data"	/Users/jasoncontento/Local Sites/tayloredlocal/app/public/wp-content/plugins/ci-store-plugin/ajax/run_patch.php
2024-03-26T21:20:14+00:00	2                             :ln:Undefined array key "data"	/Users/jasoncontento/Local Sites/tayloredlocal/app/public/wp-content/plugins/ci-store-plugin/ajax/run_patch.php
2024-03-26T21:24:38+00:00	2                             :ln:Undefined array key "pause_request"	/Users/jasoncontento/Local Sites/tayloredlocal/app/public/wp-content/plugins/ci-store-plugin/ajax/run_patch.php
2024-03-26T21:24:41+00:00	2                             :ln:Undefined array key "pause_request"	/Users/jasoncontento/Local Sites/tayloredlocal/app/public/wp-content/plugins/ci-store-plugin/ajax/run_patch.php
2024-03-26T21:24:41+00:00	2                             :ln:Undefined array key "data"	/Users/jasoncontento/Local Sites/tayloredlocal/app/public/wp-content/plugins/ci-store-plugin/ajax/run_patch.php
2024-03-26T21:24:52+00:00	2                             :ln:Undefined array key "data"	/Users/jasoncontento/Local Sites/tayloredlocal/app/public/wp-content/plugins/ci-store-plugin/ajax/run_patch.php
2024-03-26T21:30:03+00:00	2                             :ln:Undefined array key "pause_request"	/Users/jasoncontento/Local Sites/tayloredlocal/app/public/wp-content/plugins/ci-store-plugin/ajax/run_patch.php
2024-03-26T21:30:04+00:00	2                             :ln:Undefined array key "data"	/Users/jasoncontento/Local Sites/tayloredlocal/app/public/wp-content/plugins/ci-store-plugin/ajax/run_patch.php
2024-03-26T21:30:14+00:00	2                             :ln:Undefined array key "data"	/Users/jasoncontento/Local Sites/tayloredlocal/app/public/wp-content/plugins/ci-store-plugin/ajax/run_patch.php
2024-03-26T21:30:53+00:00	2                             :ln:Undefined array key "pause_request"	/Users/jasoncontento/Local Sites/tayloredlocal/app/public/wp-content/plugins/ci-store-plugin/ajax/run_patch.php
2024-03-26T21:31:02+00:00	2                             :ln:Undefined array key "pause_request"	/Users/jasoncontento/Local Sites/tayloredlocal/app/public/wp-content/plugins/ci-store-plugin/ajax/run_patch.php
2024-03-26T21:31:11+00:00	2                             :ln:Undefined array key "pause_request"	/Users/jasoncontento/Local Sites/tayloredlocal/app/public/wp-content/plugins/ci-store-plugin/ajax/run_patch.php
2024-03-26T21:31:20+00:00	2                             :ln:Undefined array key "pause_request"	/Users/jasoncontento/Local Sites/tayloredlocal/app/public/wp-content/plugins/ci-store-plugin/ajax/run_patch.php
2024-03-26T21:31:30+00:00	2                             :ln:Undefined array key "pause_request"	/Users/jasoncontento/Local Sites/tayloredlocal/app/public/wp-content/plugins/ci-store-plugin/ajax/run_patch.php
2024-03-26T21:31:38+00:00	2                             :ln:Undefined array key "pause_request"	/Users/jasoncontento/Local Sites/tayloredlocal/app/public/wp-content/plugins/ci-store-plugin/ajax/run_patch.php
2024-03-26T21:31:45+00:00	2                             :ln:Undefined array key "pause_request"	/Users/jasoncontento/Local Sites/tayloredlocal/app/public/wp-content/plugins/ci-store-plugin/ajax/run_patch.php
2024-03-26T21:31:51+00:00	2                             :ln:Undefined array key "pause_request"	/Users/jasoncontento/Local Sites/tayloredlocal/app/public/wp-content/plugins/ci-store-plugin/ajax/run_patch.php
2024-03-26T21:31:57+00:00	2                             :ln:Undefined array key "pause_request"	/Users/jasoncontento/Local Sites/tayloredlocal/app/public/wp-content/plugins/ci-store-plugin/ajax/run_patch.php
2024-03-26T21:32:06+00:00	2                             :ln:Undefined array key "pause_request"	/Users/jasoncontento/Local Sites/tayloredlocal/app/public/wp-content/plugins/ci-store-plugin/ajax/run_patch.php
2024-03-26T21:32:12+00:00	2                             :ln:Undefined array key "pause_request"	/Users/jasoncontento/Local Sites/tayloredlocal/app/public/wp-content/plugins/ci-store-plugin/ajax/run_patch.php
2024-03-26T21:32:22+00:00	2                             :ln:Undefined array key "pause_request"	/Users/jasoncontento/Local Sites/tayloredlocal/app/public/wp-content/plugins/ci-store-plugin/ajax/run_patch.php
2024-03-26T21:32:31+00:00	2                             :ln:Undefined array key "pause_request"	/Users/jasoncontento/Local Sites/tayloredlocal/app/public/wp-content/plugins/ci-store-plugin/ajax/run_patch.php
2024-03-26T21:32:40+00:00	2                             :ln:Undefined array key "pause_request"	/Users/jasoncontento/Local Sites/tayloredlocal/app/public/wp-content/plugins/ci-store-plugin/ajax/run_patch.php
2024-03-26T21:32:46+00:00	2                             :ln:Undefined array key "pause_request"	/Users/jasoncontento/Local Sites/tayloredlocal/app/public/wp-content/plugins/ci-store-plugin/ajax/run_patch.php
2024-03-26T21:33:46+00:00	2                             :ln:Undefined array key "pause_request"	/Users/jasoncontento/Local Sites/tayloredlocal/app/public/wp-content/plugins/ci-store-plugin/ajax/run_patch.php
2024-03-26T21:34:39+00:00	2                             :ln:Undefined array key "pause_request"	/Users/jasoncontento/Local Sites/tayloredlocal/app/public/wp-content/plugins/ci-store-plugin/ajax/run_patch.php
2024-03-26T21:34:39+00:00	2                             :ln:Undefined array key "pause_request"	/Users/jasoncontento/Local Sites/tayloredlocal/app/public/wp-content/plugins/ci-store-plugin/ajax/run_patch.php
2024-03-26T21:35:42+00:00	2                             :ln:Undefined array key "pause_request"	/Users/jasoncontento/Local Sites/tayloredlocal/app/public/wp-content/plugins/ci-store-plugin/ajax/run_patch.php
2024-03-26T21:35:51+00:00	2                             :ln:Undefined array key "pause_request"	/Users/jasoncontento/Local Sites/tayloredlocal/app/public/wp-content/plugins/ci-store-plugin/ajax/run_patch.php
2024-03-26T21:36:01+00:00	2                             :ln:Undefined array key "pause_request"	/Users/jasoncontento/Local Sites/tayloredlocal/app/public/wp-content/plugins/ci-store-plugin/ajax/run_patch.php
2024-03-26T21:36:07+00:00	2                             :ln:Undefined array key "pause_request"	/Users/jasoncontento/Local Sites/tayloredlocal/app/public/wp-content/plugins/ci-store-plugin/ajax/run_patch.php
2024-03-26T21:36:16+00:00	2                             :ln:Undefined array key "pause_request"	/Users/jasoncontento/Local Sites/tayloredlocal/app/public/wp-content/plugins/ci-store-plugin/ajax/run_patch.php
2024-03-26T21:36:25+00:00	2                             :ln:Undefined array key "pause_request"	/Users/jasoncontento/Local Sites/tayloredlocal/app/public/wp-content/plugins/ci-store-plugin/ajax/run_patch.php
2024-03-26T21:36:34+00:00	2                             :ln:Undefined array key "pause_request"	/Users/jasoncontento/Local Sites/tayloredlocal/app/public/wp-content/plugins/ci-store-plugin/ajax/run_patch.php
2024-03-26T21:36:40+00:00	2                             :ln:Undefined array key "pause_request"	/Users/jasoncontento/Local Sites/tayloredlocal/app/public/wp-content/plugins/ci-store-plugin/ajax/run_patch.php
2024-03-26T21:36:47+00:00	2                             :ln:Undefined array key "pause_request"	/Users/jasoncontento/Local Sites/tayloredlocal/app/public/wp-content/plugins/ci-store-plugin/ajax/run_patch.php
2024-03-26T21:36:56+00:00	2                             :ln:Undefined array key "pause_request"	/Users/jasoncontento/Local Sites/tayloredlocal/app/public/wp-content/plugins/ci-store-plugin/ajax/run_patch.php
2024-03-26T21:37:02+00:00	2                             :ln:Undefined array key "pause_request"	/Users/jasoncontento/Local Sites/tayloredlocal/app/public/wp-content/plugins/ci-store-plugin/ajax/run_patch.php
2024-03-26T21:37:11+00:00	2                             :ln:Undefined array key "pause_request"	/Users/jasoncontento/Local Sites/tayloredlocal/app/public/wp-content/plugins/ci-store-plugin/ajax/run_patch.php
2024-03-26T21:37:20+00:00	2                             :ln:Undefined array key "pause_request"	/Users/jasoncontento/Local Sites/tayloredlocal/app/public/wp-content/plugins/ci-store-plugin/ajax/run_patch.php
2024-03-26T21:37:30+00:00	2                             :ln:Undefined array key "pause_request"	/Users/jasoncontento/Local Sites/tayloredlocal/app/public/wp-content/plugins/ci-store-plugin/ajax/run_patch.php
2024-03-26T21:37:39+00:00	2                             :ln:Undefined array key "pause_request"	/Users/jasoncontento/Local Sites/tayloredlocal/app/public/wp-content/plugins/ci-store-plugin/ajax/run_patch.php
2024-03-26T21:37:48+00:00	2                             :ln:Undefined array key "pause_request"	/Users/jasoncontento/Local Sites/tayloredlocal/app/public/wp-content/plugins/ci-store-plugin/ajax/run_patch.php
2024-03-26T21:37:57+00:00	2                             :ln:Undefined array key "pause_request"	/Users/jasoncontento/Local Sites/tayloredlocal/app/public/wp-content/plugins/ci-store-plugin/ajax/run_patch.php
2024-03-26T21:38:06+00:00	2                             :ln:Undefined array key "pause_request"	/Users/jasoncontento/Local Sites/tayloredlocal/app/public/wp-content/plugins/ci-store-plugin/ajax/run_patch.php
2024-03-26T21:38:15+00:00	2                             :ln:Undefined array key "pause_request"	/Users/jasoncontento/Local Sites/tayloredlocal/app/public/wp-content/plugins/ci-store-plugin/ajax/run_patch.php
2024-03-26T21:38:25+00:00	2                             :ln:Undefined array key "pause_request"	/Users/jasoncontento/Local Sites/tayloredlocal/app/public/wp-content/plugins/ci-store-plugin/ajax/run_patch.php
2024-03-26T21:38:34+00:00	2                             :ln:Undefined array key "pause_request"	/Users/jasoncontento/Local Sites/tayloredlocal/app/public/wp-content/plugins/ci-store-plugin/ajax/run_patch.php
2024-03-26T21:38:43+00:00	2                             :ln:Undefined array key "pause_request"	/Users/jasoncontento/Local Sites/tayloredlocal/app/public/wp-content/plugins/ci-store-plugin/ajax/run_patch.php
2024-03-26T21:38:52+00:00	2                             :ln:Undefined array key "pause_request"	/Users/jasoncontento/Local Sites/tayloredlocal/app/public/wp-content/plugins/ci-store-plugin/ajax/run_patch.php
2024-03-26T21:39:01+00:00	2                             :ln:Undefined array key "pause_request"	/Users/jasoncontento/Local Sites/tayloredlocal/app/public/wp-content/plugins/ci-store-plugin/ajax/run_patch.php
2024-03-26T21:39:11+00:00	2                             :ln:Undefined array key "pause_request"	/Users/jasoncontento/Local Sites/tayloredlocal/app/public/wp-content/plugins/ci-store-plugin/ajax/run_patch.php
2024-03-26T21:39:20+00:00	2                             :ln:Undefined array key "pause_request"	/Users/jasoncontento/Local Sites/tayloredlocal/app/public/wp-content/plugins/ci-store-plugin/ajax/run_patch.php
2024-03-26T21:39:29+00:00	2                             :ln:Undefined array key "pause_request"	/Users/jasoncontento/Local Sites/tayloredlocal/app/public/wp-content/plugins/ci-store-plugin/ajax/run_patch.php
2024-03-26T21:39:38+00:00	2                             :ln:Undefined array key "pause_request"	/Users/jasoncontento/Local Sites/tayloredlocal/app/public/wp-content/plugins/ci-store-plugin/ajax/run_patch.php
2024-03-26T21:39:47+00:00	2                             :ln:Undefined array key "pause_request"	/Users/jasoncontento/Local Sites/tayloredlocal/app/public/wp-content/plugins/ci-store-plugin/ajax/run_patch.php
2024-03-26T21:39:57+00:00	2                             :ln:Undefined array key "pause_request"	/Users/jasoncontento/Local Sites/tayloredlocal/app/public/wp-content/plugins/ci-store-plugin/ajax/run_patch.php
2024-03-26T21:40:06+00:00	2                             :ln:Undefined array key "pause_request"	/Users/jasoncontento/Local Sites/tayloredlocal/app/public/wp-content/plugins/ci-store-plugin/ajax/run_patch.php
2024-03-26T21:40:15+00:00	2                             :ln:Undefined array key "pause_request"	/Users/jasoncontento/Local Sites/tayloredlocal/app/public/wp-content/plugins/ci-store-plugin/ajax/run_patch.php
2024-03-26T21:40:27+00:00	2                             :ln:Undefined array key "pause_request"	/Users/jasoncontento/Local Sites/tayloredlocal/app/public/wp-content/plugins/ci-store-plugin/ajax/run_patch.php
2024-03-26T21:40:39+00:00	2                             :ln:Undefined array key "pause_request"	/Users/jasoncontento/Local Sites/tayloredlocal/app/public/wp-content/plugins/ci-store-plugin/ajax/run_patch.php
2024-03-26T21:40:49+00:00	2                             :ln:Undefined array key "pause_request"	/Users/jasoncontento/Local Sites/tayloredlocal/app/public/wp-content/plugins/ci-store-plugin/ajax/run_patch.php
2024-03-26T21:40:54+00:00	2                             :ln:Undefined array key "data"	/Users/jasoncontento/Local Sites/tayloredlocal/app/public/wp-content/plugins/ci-store-plugin/ajax/run_patch.php
2024-03-26T21:41:13+00:00	2                             :ln:Undefined array key "pause_request"	/Users/jasoncontento/Local Sites/tayloredlocal/app/public/wp-content/plugins/ci-store-plugin/ajax/run_patch.php
2024-03-26T21:41:25+00:00	2                             :ln:Undefined array key "pause_request"	/Users/jasoncontento/Local Sites/tayloredlocal/app/public/wp-content/plugins/ci-store-plugin/ajax/run_patch.php
2024-03-26T21:41:38+00:00	2                             :ln:Undefined array key "pause_request"	/Users/jasoncontento/Local Sites/tayloredlocal/app/public/wp-content/plugins/ci-store-plugin/ajax/run_patch.php
2024-03-26T21:41:50+00:00	2                             :ln:Undefined array key "pause_request"	/Users/jasoncontento/Local Sites/tayloredlocal/app/public/wp-content/plugins/ci-store-plugin/ajax/run_patch.php
2024-03-26T21:42:02+00:00	2                             :ln:Undefined array key "pause_request"	/Users/jasoncontento/Local Sites/tayloredlocal/app/public/wp-content/plugins/ci-store-plugin/ajax/run_patch.php
2024-03-26T21:42:14+00:00	2                             :ln:Undefined array key "pause_request"	/Users/jasoncontento/Local Sites/tayloredlocal/app/public/wp-content/plugins/ci-store-plugin/ajax/run_patch.php
2024-03-26T21:42:27+00:00	2                             :ln:Undefined array key "pause_request"	/Users/jasoncontento/Local Sites/tayloredlocal/app/public/wp-content/plugins/ci-store-plugin/ajax/run_patch.php
2024-03-26T21:42:36+00:00	2                             :ln:Undefined array key "pause_request"	/Users/jasoncontento/Local Sites/tayloredlocal/app/public/wp-content/plugins/ci-store-plugin/ajax/run_patch.php
2024-03-26T21:42:48+00:00	2                             :ln:Undefined array key "pause_request"	/Users/jasoncontento/Local Sites/tayloredlocal/app/public/wp-content/plugins/ci-store-plugin/ajax/run_patch.php
2024-03-26T21:43:00+00:00	2                             :ln:Undefined array key "pause_request"	/Users/jasoncontento/Local Sites/tayloredlocal/app/public/wp-content/plugins/ci-store-plugin/ajax/run_patch.php
2024-03-26T21:43:13+00:00	2                             :ln:Undefined array key "pause_request"	/Users/jasoncontento/Local Sites/tayloredlocal/app/public/wp-content/plugins/ci-store-plugin/ajax/run_patch.php
2024-03-26T21:43:25+00:00	2                             :ln:Undefined array key "pause_request"	/Users/jasoncontento/Local Sites/tayloredlocal/app/public/wp-content/plugins/ci-store-plugin/ajax/run_patch.php
2024-03-26T21:43:37+00:00	2                             :ln:Undefined array key "pause_request"	/Users/jasoncontento/Local Sites/tayloredlocal/app/public/wp-content/plugins/ci-store-plugin/ajax/run_patch.php
2024-03-26T21:43:46+00:00	2                             :ln:Undefined array key "pause_request"	/Users/jasoncontento/Local Sites/tayloredlocal/app/public/wp-content/plugins/ci-store-plugin/ajax/run_patch.php
2024-03-26T21:43:55+00:00	2                             :ln:Undefined array key "pause_request"	/Users/jasoncontento/Local Sites/tayloredlocal/app/public/wp-content/plugins/ci-store-plugin/ajax/run_patch.php
2024-03-26T21:44:05+00:00	2                             :ln:Undefined array key "pause_request"	/Users/jasoncontento/Local Sites/tayloredlocal/app/public/wp-content/plugins/ci-store-plugin/ajax/run_patch.php
2024-03-26T21:44:10+00:00	2                             :ln:Undefined array key "data"	/Users/jasoncontento/Local Sites/tayloredlocal/app/public/wp-content/plugins/ci-store-plugin/ajax/run_patch.php
2024-03-26T21:44:29+00:00	2                             :ln:Undefined array key "pause_request"	/Users/jasoncontento/Local Sites/tayloredlocal/app/public/wp-content/plugins/ci-store-plugin/ajax/run_patch.php
2024-03-26T21:44:38+00:00	2                             :ln:Undefined array key "pause_request"	/Users/jasoncontento/Local Sites/tayloredlocal/app/public/wp-content/plugins/ci-store-plugin/ajax/run_patch.php
2024-03-26T21:44:47+00:00	2                             :ln:Undefined array key "pause_request"	/Users/jasoncontento/Local Sites/tayloredlocal/app/public/wp-content/plugins/ci-store-plugin/ajax/run_patch.php
2024-03-26T21:44:57+00:00	2                             :ln:Undefined array key "pause_request"	/Users/jasoncontento/Local Sites/tayloredlocal/app/public/wp-content/plugins/ci-store-plugin/ajax/run_patch.php
2024-03-26T21:45:06+00:00	2                             :ln:Undefined array key "pause_request"	/Users/jasoncontento/Local Sites/tayloredlocal/app/public/wp-content/plugins/ci-store-plugin/ajax/run_patch.php
2024-03-26T21:45:18+00:00	2                             :ln:Undefined array key "pause_request"	/Users/jasoncontento/Local Sites/tayloredlocal/app/public/wp-content/plugins/ci-store-plugin/ajax/run_patch.php
2024-03-26T21:45:30+00:00	2                             :ln:Undefined array key "pause_request"	/Users/jasoncontento/Local Sites/tayloredlocal/app/public/wp-content/plugins/ci-store-plugin/ajax/run_patch.php
2024-03-26T21:45:42+00:00	2                             :ln:Undefined array key "pause_request"	/Users/jasoncontento/Local Sites/tayloredlocal/app/public/wp-content/plugins/ci-store-plugin/ajax/run_patch.php
2024-03-26T21:45:55+00:00	2                             :ln:Undefined array key "pause_request"	/Users/jasoncontento/Local Sites/tayloredlocal/app/public/wp-content/plugins/ci-store-plugin/ajax/run_patch.php
2024-03-26T21:46:04+00:00	2                             :ln:Undefined array key "pause_request"	/Users/jasoncontento/Local Sites/tayloredlocal/app/public/wp-content/plugins/ci-store-plugin/ajax/run_patch.php
2024-03-26T21:46:13+00:00	2                             :ln:Undefined array key "pause_request"	/Users/jasoncontento/Local Sites/tayloredlocal/app/public/wp-content/plugins/ci-store-plugin/ajax/run_patch.php
2024-03-26T21:46:25+00:00	2                             :ln:Undefined array key "pause_request"	/Users/jasoncontento/Local Sites/tayloredlocal/app/public/wp-content/plugins/ci-store-plugin/ajax/run_patch.php
2024-03-26T21:46:44+00:00	2                             :ln:Undefined array key "pause_request"	/Users/jasoncontento/Local Sites/tayloredlocal/app/public/wp-content/plugins/ci-store-plugin/ajax/run_patch.php
2024-03-26T21:47:15+00:00	2                             :ln:Undefined array key "pause_request"	/Users/jasoncontento/Local Sites/tayloredlocal/app/public/wp-content/plugins/ci-store-plugin/ajax/run_patch.php
2024-03-26T21:48:19+00:00	2                             :ln:Undefined array key "pause_request"	/Users/jasoncontento/Local Sites/tayloredlocal/app/public/wp-content/plugins/ci-store-plugin/ajax/run_patch.php
2024-03-26T21:48:31+00:00	2                             :ln:Undefined array key "pause_request"	/Users/jasoncontento/Local Sites/tayloredlocal/app/public/wp-content/plugins/ci-store-plugin/ajax/run_patch.php
2024-03-26T21:48:43+00:00	2                             :ln:Undefined array key "pause_request"	/Users/jasoncontento/Local Sites/tayloredlocal/app/public/wp-content/plugins/ci-store-plugin/ajax/run_patch.php
2024-03-26T21:48:55+00:00	2                             :ln:Undefined array key "pause_request"	/Users/jasoncontento/Local Sites/tayloredlocal/app/public/wp-content/plugins/ci-store-plugin/ajax/run_patch.php
2024-03-26T21:49:08+00:00	2                             :ln:Undefined array key "pause_request"	/Users/jasoncontento/Local Sites/tayloredlocal/app/public/wp-content/plugins/ci-store-plugin/ajax/run_patch.php
2024-03-26T21:49:19+00:00	2                             :ln:Undefined array key "pause_request"	/Users/jasoncontento/Local Sites/tayloredlocal/app/public/wp-content/plugins/ci-store-plugin/ajax/run_patch.php
2024-03-26T21:49:29+00:00	2                             :ln:Undefined array key "pause_request"	/Users/jasoncontento/Local Sites/tayloredlocal/app/public/wp-content/plugins/ci-store-plugin/ajax/run_patch.php
2024-03-26T21:49:41+00:00	2                             :ln:Undefined array key "pause_request"	/Users/jasoncontento/Local Sites/tayloredlocal/app/public/wp-content/plugins/ci-store-plugin/ajax/run_patch.php
2024-03-26T21:49:54+00:00	2                             :ln:Undefined array key "pause_request"	/Users/jasoncontento/Local Sites/tayloredlocal/app/public/wp-content/plugins/ci-store-plugin/ajax/run_patch.php
2024-03-26T21:50:06+00:00	2                             :ln:Undefined array key "pause_request"	/Users/jasoncontento/Local Sites/tayloredlocal/app/public/wp-content/plugins/ci-store-plugin/ajax/run_patch.php
2024-03-26T21:50:15+00:00	2                             :ln:Undefined array key "pause_request"	/Users/jasoncontento/Local Sites/tayloredlocal/app/public/wp-content/plugins/ci-store-plugin/ajax/run_patch.php
2024-03-26T21:50:24+00:00	2                             :ln:Undefined array key "pause_request"	/Users/jasoncontento/Local Sites/tayloredlocal/app/public/wp-content/plugins/ci-store-plugin/ajax/run_patch.php
2024-03-26T21:50:33+00:00	2                             :ln:Undefined array key "pause_request"	/Users/jasoncontento/Local Sites/tayloredlocal/app/public/wp-content/plugins/ci-store-plugin/ajax/run_patch.php
2024-03-26T21:50:43+00:00	2                             :ln:Undefined array key "pause_request"	/Users/jasoncontento/Local Sites/tayloredlocal/app/public/wp-content/plugins/ci-store-plugin/ajax/run_patch.php
2024-03-26T21:50:52+00:00	2                             :ln:Undefined array key "pause_request"	/Users/jasoncontento/Local Sites/tayloredlocal/app/public/wp-content/plugins/ci-store-plugin/ajax/run_patch.php
2024-03-26T21:51:01+00:00	2                             :ln:Undefined array key "pause_request"	/Users/jasoncontento/Local Sites/tayloredlocal/app/public/wp-content/plugins/ci-store-plugin/ajax/run_patch.php
2024-03-26T21:51:10+00:00	2                             :ln:Undefined array key "pause_request"	/Users/jasoncontento/Local Sites/tayloredlocal/app/public/wp-content/plugins/ci-store-plugin/ajax/run_patch.php
2024-03-26T21:51:19+00:00	2                             :ln:Undefined array key "pause_request"	/Users/jasoncontento/Local Sites/tayloredlocal/app/public/wp-content/plugins/ci-store-plugin/ajax/run_patch.php
2024-03-26T21:52:20+00:00	2                             :ln:Undefined array key "pause_request"	/Users/jasoncontento/Local Sites/tayloredlocal/app/public/wp-content/plugins/ci-store-plugin/ajax/run_patch.php
2024-03-26T21:52:47+00:00	2                             :ln:Undefined array key "pause_request"	/Users/jasoncontento/Local Sites/tayloredlocal/app/public/wp-content/plugins/ci-store-plugin/ajax/run_patch.php
2024-03-26T21:53:17+00:00	2                             :ln:Undefined array key "pause_request"	/Users/jasoncontento/Local Sites/tayloredlocal/app/public/wp-content/plugins/ci-store-plugin/ajax/run_patch.php
2024-03-26T21:53:36+00:00	2                             :ln:Undefined array key "pause_request"	/Users/jasoncontento/Local Sites/tayloredlocal/app/public/wp-content/plugins/ci-store-plugin/ajax/run_patch.php
2024-03-26T21:53:45+00:00	2                             :ln:Undefined array key "pause_request"	/Users/jasoncontento/Local Sites/tayloredlocal/app/public/wp-content/plugins/ci-store-plugin/ajax/run_patch.php
2024-03-26T21:53:54+00:00	2                             :ln:Undefined array key "pause_request"	/Users/jasoncontento/Local Sites/tayloredlocal/app/public/wp-content/plugins/ci-store-plugin/ajax/run_patch.php
2024-03-26T21:54:06+00:00	2                             :ln:Undefined array key "pause_request"	/Users/jasoncontento/Local Sites/tayloredlocal/app/public/wp-content/plugins/ci-store-plugin/ajax/run_patch.php
2024-03-26T21:54:15+00:00	2                             :ln:Undefined array key "pause_request"	/Users/jasoncontento/Local Sites/tayloredlocal/app/public/wp-content/plugins/ci-store-plugin/ajax/run_patch.php
2024-03-26T21:54:24+00:00	2                             :ln:Undefined array key "pause_request"	/Users/jasoncontento/Local Sites/tayloredlocal/app/public/wp-content/plugins/ci-store-plugin/ajax/run_patch.php
2024-03-26T21:54:34+00:00	2                             :ln:Undefined array key "pause_request"	/Users/jasoncontento/Local Sites/tayloredlocal/app/public/wp-content/plugins/ci-store-plugin/ajax/run_patch.php
2024-03-26T21:54:43+00:00	2                             :ln:Undefined array key "pause_request"	/Users/jasoncontento/Local Sites/tayloredlocal/app/public/wp-content/plugins/ci-store-plugin/ajax/run_patch.php
2024-03-26T21:54:52+00:00	2                             :ln:Undefined array key "pause_request"	/Users/jasoncontento/Local Sites/tayloredlocal/app/public/wp-content/plugins/ci-store-plugin/ajax/run_patch.php
2024-03-26T21:55:11+00:00	2                             :ln:Undefined array key "pause_request"	/Users/jasoncontento/Local Sites/tayloredlocal/app/public/wp-content/plugins/ci-store-plugin/ajax/run_patch.php
2024-03-26T21:55:35+00:00	2                             :ln:Undefined array key "pause_request"	/Users/jasoncontento/Local Sites/tayloredlocal/app/public/wp-content/plugins/ci-store-plugin/ajax/run_patch.php
2024-03-26T21:57:12+00:00	2                             :ln:Undefined array key "pause_request"	/Users/jasoncontento/Local Sites/tayloredlocal/app/public/wp-content/plugins/ci-store-plugin/ajax/run_patch.php
2024-03-26T21:57:36+00:00	2                             :ln:Undefined array key "pause_request"	/Users/jasoncontento/Local Sites/tayloredlocal/app/public/wp-content/plugins/ci-store-plugin/ajax/run_patch.php
2024-03-26T21:59:13+00:00	2                             :ln:Undefined array key "pause_request"	/Users/jasoncontento/Local Sites/tayloredlocal/app/public/wp-content/plugins/ci-store-plugin/ajax/run_patch.php
2024-03-26T21:59:20+00:00	2                             :ln:Undefined array key "pause_request"	/Users/jasoncontento/Local Sites/tayloredlocal/app/public/wp-content/plugins/ci-store-plugin/ajax/run_patch.php
2024-03-26T21:59:25+00:00	2                             :ln:Undefined array key "data"	/Users/jasoncontento/Local Sites/tayloredlocal/app/public/wp-content/plugins/ci-store-plugin/ajax/run_patch.php
2024-03-26T22:01:14+00:00	2                             :ln:Undefined array key "pause_request"	/Users/jasoncontento/Local Sites/tayloredlocal/app/public/wp-content/plugins/ci-store-plugin/ajax/run_patch.php
2024-03-26T22:01:38+00:00	2                             :ln:Undefined array key "pause_request"	/Users/jasoncontento/Local Sites/tayloredlocal/app/public/wp-content/plugins/ci-store-plugin/ajax/run_patch.php
2024-03-26T22:03:15+00:00	2                             :ln:Undefined array key "pause_request"	/Users/jasoncontento/Local Sites/tayloredlocal/app/public/wp-content/plugins/ci-store-plugin/ajax/run_patch.php
2024-03-26T22:03:39+00:00	2                             :ln:Undefined array key "pause_request"	/Users/jasoncontento/Local Sites/tayloredlocal/app/public/wp-content/plugins/ci-store-plugin/ajax/run_patch.php
2024-03-26T22:05:23+00:00	2                             :ln:Undefined array key "pause_request"	/Users/jasoncontento/Local Sites/tayloredlocal/app/public/wp-content/plugins/ci-store-plugin/ajax/run_patch.php
2024-03-26T22:07:24+00:00	2                             :ln:Undefined array key "pause_request"	/Users/jasoncontento/Local Sites/tayloredlocal/app/public/wp-content/plugins/ci-store-plugin/ajax/run_patch.php
2024-03-26T22:09:25+00:00	2                             :ln:Undefined array key "pause_request"	/Users/jasoncontento/Local Sites/tayloredlocal/app/public/wp-content/plugins/ci-store-plugin/ajax/run_patch.php
2024-03-26T22:11:26+00:00	2                             :ln:Undefined array key "pause_request"	/Users/jasoncontento/Local Sites/tayloredlocal/app/public/wp-content/plugins/ci-store-plugin/ajax/run_patch.php
2024-03-26T22:13:27+00:00	2                             :ln:Undefined array key "pause_request"	/Users/jasoncontento/Local Sites/tayloredlocal/app/public/wp-content/plugins/ci-store-plugin/ajax/run_patch.php
2024-03-26T22:15:28+00:00	2                             :ln:Undefined array key "pause_request"	/Users/jasoncontento/Local Sites/tayloredlocal/app/public/wp-content/plugins/ci-store-plugin/ajax/run_patch.php
2024-03-26T22:17:29+00:00	2                             :ln:Undefined array key "pause_request"	/Users/jasoncontento/Local Sites/tayloredlocal/app/public/wp-content/plugins/ci-store-plugin/ajax/run_patch.php
2024-03-26T22:19:30+00:00	2                             :ln:Undefined array key "pause_request"	/Users/jasoncontento/Local Sites/tayloredlocal/app/public/wp-content/plugins/ci-store-plugin/ajax/run_patch.php
2024-03-26T22:21:31+00:00	2                             :ln:Undefined array key "pause_request"	/Users/jasoncontento/Local Sites/tayloredlocal/app/public/wp-content/plugins/ci-store-plugin/ajax/run_patch.php
2024-03-26T22:22:42+00:00	2                             :ln:Undefined array key "pause_request"	/Users/jasoncontento/Local Sites/tayloredlocal/app/public/wp-content/plugins/ci-store-plugin/ajax/run_patch.php
2024-03-26T22:22:54+00:00	2                             :ln:Undefined array key "pause_request"	/Users/jasoncontento/Local Sites/tayloredlocal/app/public/wp-content/plugins/ci-store-plugin/ajax/run_patch.php
2024-03-26T22:23:04+00:00	2                             :ln:Undefined array key "pause_request"	/Users/jasoncontento/Local Sites/tayloredlocal/app/public/wp-content/plugins/ci-store-plugin/ajax/run_patch.php
2024-03-26T22:23:41+00:00	2                             :ln:Undefined array key "pause_request"	/Users/jasoncontento/Local Sites/tayloredlocal/app/public/wp-content/plugins/ci-store-plugin/ajax/run_patch.php
2024-03-26T22:23:53+00:00	2                             :ln:Undefined array key "pause_request"	/Users/jasoncontento/Local Sites/tayloredlocal/app/public/wp-content/plugins/ci-store-plugin/ajax/run_patch.php
2024-03-26T22:25:09+00:00	2                             :ln:Undefined array key "pause_request"	/Users/jasoncontento/Local Sites/tayloredlocal/app/public/wp-content/plugins/ci-store-plugin/ajax/run_patch.php
2024-03-26T22:25:42+00:00	2                             :ln:Undefined array key "pause_request"	/Users/jasoncontento/Local Sites/tayloredlocal/app/public/wp-content/plugins/ci-store-plugin/ajax/run_patch.php
2024-03-26T22:27:42+00:00	2                             :ln:Undefined array key "pause_request"	/Users/jasoncontento/Local Sites/tayloredlocal/app/public/wp-content/plugins/ci-store-plugin/ajax/run_patch.php
2024-03-26T22:29:43+00:00	2                             :ln:Undefined array key "pause_request"	/Users/jasoncontento/Local Sites/tayloredlocal/app/public/wp-content/plugins/ci-store-plugin/ajax/run_patch.php
2024-03-26T22:31:44+00:00	2                             :ln:Undefined array key "pause_request"	/Users/jasoncontento/Local Sites/tayloredlocal/app/public/wp-content/plugins/ci-store-plugin/ajax/run_patch.php
2024-03-26T22:56:08+00:00	2                             :ln:Undefined array key "pause_request"	/Users/jasoncontento/Local Sites/tayloredlocal/app/public/wp-content/plugins/ci-store-plugin/ajax/run_patch.php
2024-03-26T22:56:18+00:00	2                             :ln:Undefined array key "pause_request"	/Users/jasoncontento/Local Sites/tayloredlocal/app/public/wp-content/plugins/ci-store-plugin/ajax/run_patch.php
2024-03-26T22:56:28+00:00	2                             :ln:Undefined array key "pause_request"	/Users/jasoncontento/Local Sites/tayloredlocal/app/public/wp-content/plugins/ci-store-plugin/ajax/run_patch.php
2024-03-26T22:56:44+00:00	2                             :ln:Undefined array key "pause_request"	/Users/jasoncontento/Local Sites/tayloredlocal/app/public/wp-content/plugins/ci-store-plugin/ajax/run_patch.php
2024-03-26T22:56:56+00:00	2                             :ln:Undefined array key "pause_request"	/Users/jasoncontento/Local Sites/tayloredlocal/app/public/wp-content/plugins/ci-store-plugin/ajax/run_patch.php
2024-03-26T22:57:08+00:00	2                             :ln:Undefined array key "pause_request"	/Users/jasoncontento/Local Sites/tayloredlocal/app/public/wp-content/plugins/ci-store-plugin/ajax/run_patch.php
2024-03-26T22:57:17+00:00	2                             :ln:Undefined array key "pause_request"	/Users/jasoncontento/Local Sites/tayloredlocal/app/public/wp-content/plugins/ci-store-plugin/ajax/run_patch.php
2024-03-26T22:57:27+00:00	2                             :ln:Undefined array key "pause_request"	/Users/jasoncontento/Local Sites/tayloredlocal/app/public/wp-content/plugins/ci-store-plugin/ajax/run_patch.php
2024-03-26T22:57:39+00:00	2                             :ln:Undefined array key "pause_request"	/Users/jasoncontento/Local Sites/tayloredlocal/app/public/wp-content/plugins/ci-store-plugin/ajax/run_patch.php
2024-03-26T22:57:48+00:00	2                             :ln:Undefined array key "pause_request"	/Users/jasoncontento/Local Sites/tayloredlocal/app/public/wp-content/plugins/ci-store-plugin/ajax/run_patch.php
2024-03-26T22:57:57+00:00	2                             :ln:Undefined array key "pause_request"	/Users/jasoncontento/Local Sites/tayloredlocal/app/public/wp-content/plugins/ci-store-plugin/ajax/run_patch.php
2024-03-26T22:58:07+00:00	2                             :ln:Undefined array key "pause_request"	/Users/jasoncontento/Local Sites/tayloredlocal/app/public/wp-content/plugins/ci-store-plugin/ajax/run_patch.php
2024-03-26T22:58:19+00:00	2                             :ln:Undefined array key "pause_request"	/Users/jasoncontento/Local Sites/tayloredlocal/app/public/wp-content/plugins/ci-store-plugin/ajax/run_patch.php
2024-03-26T22:58:31+00:00	2                             :ln:Undefined array key "pause_request"	/Users/jasoncontento/Local Sites/tayloredlocal/app/public/wp-content/plugins/ci-store-plugin/ajax/run_patch.php
2024-03-26T22:58:43+00:00	2                             :ln:Undefined array key "pause_request"	/Users/jasoncontento/Local Sites/tayloredlocal/app/public/wp-content/plugins/ci-store-plugin/ajax/run_patch.php
2024-03-26T22:58:53+00:00	2                             :ln:Undefined array key "pause_request"	/Users/jasoncontento/Local Sites/tayloredlocal/app/public/wp-content/plugins/ci-store-plugin/ajax/run_patch.php
2024-03-26T22:59:02+00:00	2                             :ln:Undefined array key "pause_request"	/Users/jasoncontento/Local Sites/tayloredlocal/app/public/wp-content/plugins/ci-store-plugin/ajax/run_patch.php
2024-03-26T22:59:11+00:00	2                             :ln:Undefined array key "pause_request"	/Users/jasoncontento/Local Sites/tayloredlocal/app/public/wp-content/plugins/ci-store-plugin/ajax/run_patch.php
2024-03-26T22:59:23+00:00	2                             :ln:Undefined array key "pause_request"	/Users/jasoncontento/Local Sites/tayloredlocal/app/public/wp-content/plugins/ci-store-plugin/ajax/run_patch.php
2024-03-26T22:59:32+00:00	2                             :ln:Undefined array key "pause_request"	/Users/jasoncontento/Local Sites/tayloredlocal/app/public/wp-content/plugins/ci-store-plugin/ajax/run_patch.php
2024-03-26T22:59:42+00:00	2                             :ln:Undefined array key "pause_request"	/Users/jasoncontento/Local Sites/tayloredlocal/app/public/wp-content/plugins/ci-store-plugin/ajax/run_patch.php
2024-03-26T22:59:54+00:00	2                             :ln:Undefined array key "pause_request"	/Users/jasoncontento/Local Sites/tayloredlocal/app/public/wp-content/plugins/ci-store-plugin/ajax/run_patch.php
2024-03-26T23:00:06+00:00	2                             :ln:Undefined array key "pause_request"	/Users/jasoncontento/Local Sites/tayloredlocal/app/public/wp-content/plugins/ci-store-plugin/ajax/run_patch.php
2024-03-26T23:00:18+00:00	2                             :ln:Undefined array key "pause_request"	/Users/jasoncontento/Local Sites/tayloredlocal/app/public/wp-content/plugins/ci-store-plugin/ajax/run_patch.php
2024-03-26T23:00:31+00:00	2                             :ln:Undefined array key "pause_request"	/Users/jasoncontento/Local Sites/tayloredlocal/app/public/wp-content/plugins/ci-store-plugin/ajax/run_patch.php
2024-03-26T23:00:43+00:00	2                             :ln:Undefined array key "pause_request"	/Users/jasoncontento/Local Sites/tayloredlocal/app/public/wp-content/plugins/ci-store-plugin/ajax/run_patch.php
2024-03-26T23:00:55+00:00	2                             :ln:Undefined array key "pause_request"	/Users/jasoncontento/Local Sites/tayloredlocal/app/public/wp-content/plugins/ci-store-plugin/ajax/run_patch.php
2024-03-26T23:01:07+00:00	2                             :ln:Undefined array key "pause_request"	/Users/jasoncontento/Local Sites/tayloredlocal/app/public/wp-content/plugins/ci-store-plugin/ajax/run_patch.php
2024-03-26T23:01:20+00:00	2                             :ln:Undefined array key "pause_request"	/Users/jasoncontento/Local Sites/tayloredlocal/app/public/wp-content/plugins/ci-store-plugin/ajax/run_patch.php
2024-03-26T23:01:32+00:00	2                             :ln:Undefined array key "pause_request"	/Users/jasoncontento/Local Sites/tayloredlocal/app/public/wp-content/plugins/ci-store-plugin/ajax/run_patch.php
2024-03-26T23:01:37+00:00	2                             :ln:Undefined array key "data"	/Users/jasoncontento/Local Sites/tayloredlocal/app/public/wp-content/plugins/ci-store-plugin/ajax/run_patch.php
2024-03-26T23:01:57+00:00	2                             :ln:Undefined array key "pause_request"	/Users/jasoncontento/Local Sites/tayloredlocal/app/public/wp-content/plugins/ci-store-plugin/ajax/run_patch.php
2024-03-26T23:02:06+00:00	2                             :ln:Undefined array key "pause_request"	/Users/jasoncontento/Local Sites/tayloredlocal/app/public/wp-content/plugins/ci-store-plugin/ajax/run_patch.php
2024-03-26T23:02:16+00:00	2                             :ln:Undefined array key "pause_request"	/Users/jasoncontento/Local Sites/tayloredlocal/app/public/wp-content/plugins/ci-store-plugin/ajax/run_patch.php
2024-03-26T23:02:27+00:00	2                             :ln:Undefined array key "pause_request"	/Users/jasoncontento/Local Sites/tayloredlocal/app/public/wp-content/plugins/ci-store-plugin/ajax/run_patch.php
2024-03-26T23:02:40+00:00	2                             :ln:Undefined array key "pause_request"	/Users/jasoncontento/Local Sites/tayloredlocal/app/public/wp-content/plugins/ci-store-plugin/ajax/run_patch.php
2024-03-26T23:03:10+00:00	2                             :ln:Undefined array key "pause_request"	/Users/jasoncontento/Local Sites/tayloredlocal/app/public/wp-content/plugins/ci-store-plugin/ajax/run_patch.php
2024-03-26T23:05:11+00:00	2                             :ln:Undefined array key "pause_request"	/Users/jasoncontento/Local Sites/tayloredlocal/app/public/wp-content/plugins/ci-store-plugin/ajax/run_patch.php
2024-03-26T23:07:12+00:00	2                             :ln:Undefined array key "pause_request"	/Users/jasoncontento/Local Sites/tayloredlocal/app/public/wp-content/plugins/ci-store-plugin/ajax/run_patch.php
2024-03-26T23:11:31+00:00	2                             :ln:Undefined array key "pause_request"	/Users/jasoncontento/Local Sites/tayloredlocal/app/public/wp-content/plugins/ci-store-plugin/ajax/run_patch.php
2024-03-26T23:11:41+00:00	2                             :ln:Undefined array key "pause_request"	/Users/jasoncontento/Local Sites/tayloredlocal/app/public/wp-content/plugins/ci-store-plugin/ajax/run_patch.php
2024-03-26T23:11:41+00:00	2                             :ln:Undefined array key "pause_request"	/Users/jasoncontento/Local Sites/tayloredlocal/app/public/wp-content/plugins/ci-store-plugin/ajax/run_patch.php
2024-03-26T23:11:50+00:00	2                             :ln:Undefined array key "pause_request"	/Users/jasoncontento/Local Sites/tayloredlocal/app/public/wp-content/plugins/ci-store-plugin/ajax/run_patch.php
2024-03-26T23:12:00+00:00	2                             :ln:Undefined array key "pause_request"	/Users/jasoncontento/Local Sites/tayloredlocal/app/public/wp-content/plugins/ci-store-plugin/ajax/run_patch.php
2024-03-26T23:12:32+00:00	2                             :ln:Undefined array key "pause_request"	/Users/jasoncontento/Local Sites/tayloredlocal/app/public/wp-content/plugins/ci-store-plugin/ajax/run_patch.php
2024-03-26T23:12:41+00:00	2                             :ln:Undefined array key "pause_request"	/Users/jasoncontento/Local Sites/tayloredlocal/app/public/wp-content/plugins/ci-store-plugin/ajax/run_patch.php
2024-03-26T23:12:57+00:00	2                             :ln:Undefined array key "pause_request"	/Users/jasoncontento/Local Sites/tayloredlocal/app/public/wp-content/plugins/ci-store-plugin/ajax/run_patch.php
2024-03-26T23:14:33+00:00	2                             :ln:Undefined array key "pause_request"	/Users/jasoncontento/Local Sites/tayloredlocal/app/public/wp-content/plugins/ci-store-plugin/ajax/run_patch.php
2024-03-26T23:14:42+00:00	2                             :ln:Undefined array key "pause_request"	/Users/jasoncontento/Local Sites/tayloredlocal/app/public/wp-content/plugins/ci-store-plugin/ajax/run_patch.php
2024-03-26T23:14:58+00:00	2                             :ln:Undefined array key "pause_request"	/Users/jasoncontento/Local Sites/tayloredlocal/app/public/wp-content/plugins/ci-store-plugin/ajax/run_patch.php
2024-03-26T23:16:34+00:00	2                             :ln:Undefined array key "pause_request"	/Users/jasoncontento/Local Sites/tayloredlocal/app/public/wp-content/plugins/ci-store-plugin/ajax/run_patch.php
2024-03-26T23:16:59+00:00	2                             :ln:Undefined array key "pause_request"	/Users/jasoncontento/Local Sites/tayloredlocal/app/public/wp-content/plugins/ci-store-plugin/ajax/run_patch.php
2024-03-26T23:18:35+00:00	2                             :ln:Undefined array key "pause_request"	/Users/jasoncontento/Local Sites/tayloredlocal/app/public/wp-content/plugins/ci-store-plugin/ajax/run_patch.php
2024-03-26T23:19:00+00:00	2                             :ln:Undefined array key "pause_request"	/Users/jasoncontento/Local Sites/tayloredlocal/app/public/wp-content/plugins/ci-store-plugin/ajax/run_patch.php
2024-03-26T23:20:36+00:00	2                             :ln:Undefined array key "pause_request"	/Users/jasoncontento/Local Sites/tayloredlocal/app/public/wp-content/plugins/ci-store-plugin/ajax/run_patch.php
2024-03-26T23:21:01+00:00	2                             :ln:Undefined array key "pause_request"	/Users/jasoncontento/Local Sites/tayloredlocal/app/public/wp-content/plugins/ci-store-plugin/ajax/run_patch.php
2024-03-27T00:05:27+00:00	2                             :ln:Undefined array key "pause_request"	/Users/jasoncontento/Local Sites/tayloredlocal/app/public/wp-content/plugins/ci-store-plugin/ajax/run_patch.php
2024-03-27T00:06:28+00:00	2                             :ln:Undefined array key "pause_request"	/Users/jasoncontento/Local Sites/tayloredlocal/app/public/wp-content/plugins/ci-store-plugin/ajax/run_patch.php
2024-03-27T00:08:29+00:00	2                             :ln:Undefined array key "pause_request"	/Users/jasoncontento/Local Sites/tayloredlocal/app/public/wp-content/plugins/ci-store-plugin/ajax/run_patch.php
2024-03-27T00:10:30+00:00	2                             :ln:Undefined array key "pause_request"	/Users/jasoncontento/Local Sites/tayloredlocal/app/public/wp-content/plugins/ci-store-plugin/ajax/run_patch.php
2024-03-27T00:12:31+00:00	2                             :ln:Undefined array key "pause_request"	/Users/jasoncontento/Local Sites/tayloredlocal/app/public/wp-content/plugins/ci-store-plugin/ajax/run_patch.php
2024-03-27T00:14:32+00:00	2                             :ln:Undefined array key "pause_request"	/Users/jasoncontento/Local Sites/tayloredlocal/app/public/wp-content/plugins/ci-store-plugin/ajax/run_patch.php
2024-03-27T00:16:33+00:00	2                             :ln:Undefined array key "pause_request"	/Users/jasoncontento/Local Sites/tayloredlocal/app/public/wp-content/plugins/ci-store-plugin/ajax/run_patch.php
2024-03-27T01:03:08+00:00	2                             :ln:Undefined array key "pause_request"	/Users/jasoncontento/Local Sites/tayloredlocal/app/public/wp-content/plugins/ci-store-plugin/ajax/run_patch.php
2024-03-27T01:03:17+00:00	2                             :ln:Undefined array key "pause_request"	/Users/jasoncontento/Local Sites/tayloredlocal/app/public/wp-content/plugins/ci-store-plugin/ajax/run_patch.php
2024-03-27T01:03:29+00:00	2                             :ln:Undefined array key "pause_request"	/Users/jasoncontento/Local Sites/tayloredlocal/app/public/wp-content/plugins/ci-store-plugin/ajax/run_patch.php
2024-03-27T01:03:38+00:00	2                             :ln:Undefined array key "pause_request"	/Users/jasoncontento/Local Sites/tayloredlocal/app/public/wp-content/plugins/ci-store-plugin/ajax/run_patch.php
2024-03-27T01:03:47+00:00	2                             :ln:Undefined array key "pause_request"	/Users/jasoncontento/Local Sites/tayloredlocal/app/public/wp-content/plugins/ci-store-plugin/ajax/run_patch.php
2024-03-27T01:03:57+00:00	2                             :ln:Undefined array key "pause_request"	/Users/jasoncontento/Local Sites/tayloredlocal/app/public/wp-content/plugins/ci-store-plugin/ajax/run_patch.php
2024-03-27T01:04:09+00:00	2                             :ln:Undefined array key "pause_request"	/Users/jasoncontento/Local Sites/tayloredlocal/app/public/wp-content/plugins/ci-store-plugin/ajax/run_patch.php
2024-03-27T01:04:21+00:00	2                             :ln:Undefined array key "pause_request"	/Users/jasoncontento/Local Sites/tayloredlocal/app/public/wp-content/plugins/ci-store-plugin/ajax/run_patch.php
2024-03-27T01:04:33+00:00	2                             :ln:Undefined array key "pause_request"	/Users/jasoncontento/Local Sites/tayloredlocal/app/public/wp-content/plugins/ci-store-plugin/ajax/run_patch.php
2024-03-27T01:04:43+00:00	2                             :ln:Undefined array key "pause_request"	/Users/jasoncontento/Local Sites/tayloredlocal/app/public/wp-content/plugins/ci-store-plugin/ajax/run_patch.php
2024-03-27T01:04:55+00:00	2                             :ln:Undefined array key "pause_request"	/Users/jasoncontento/Local Sites/tayloredlocal/app/public/wp-content/plugins/ci-store-plugin/ajax/run_patch.php
2024-03-27T01:06:07+00:00	2                             :ln:Undefined array key "pause_request"	/Users/jasoncontento/Local Sites/tayloredlocal/app/public/wp-content/plugins/ci-store-plugin/ajax/run_patch.php
2024-03-27T01:08:08+00:00	2                             :ln:Undefined array key "pause_request"	/Users/jasoncontento/Local Sites/tayloredlocal/app/public/wp-content/plugins/ci-store-plugin/ajax/run_patch.php
2024-03-27T01:09:22+00:00	2                             :ln:Undefined array key "pause_request"	/Users/jasoncontento/Local Sites/tayloredlocal/app/public/wp-content/plugins/ci-store-plugin/ajax/run_patch.php
2024-03-27T01:09:22+00:00	2                             :ln:Undefined array key "action"	/Users/jasoncontento/Local Sites/tayloredlocal/app/public/wp-content/plugins/ci-store-plugin/ajax/run_patch.php
2024-03-27T01:09:22+00:00	2                             :ln:Undefined array key "action"	/Users/jasoncontento/Local Sites/tayloredlocal/app/public/wp-content/plugins/ci-store-plugin/ajax/run_patch.php
2024-03-27T03:28:35+00:00	2                             :ln:Undefined array key "items"	/Users/jasoncontento/Local Sites/tayloredlocal/app/public/wp-content/plugins/ci-store-plugin/suppliers/supplier_wps.php
2024-03-27T03:28:35+00:00	2                             :ln:Trying to access array offset on value of type null	/Users/jasoncontento/Local Sites/tayloredlocal/app/public/wp-content/plugins/ci-store-plugin/suppliers/supplier_wps.php
2024-03-27T03:28:48+00:00	2                             :ln:Undefined array key "items"	/Users/jasoncontento/Local Sites/tayloredlocal/app/public/wp-content/plugins/ci-store-plugin/suppliers/supplier_wps.php
2024-03-27T03:28:48+00:00	2                             :ln:Trying to access array offset on value of type null	/Users/jasoncontento/Local Sites/tayloredlocal/app/public/wp-content/plugins/ci-store-plugin/suppliers/supplier_wps.php
2024-03-27T03:28:55+00:00	2                             :ln:Undefined array key "items"	/Users/jasoncontento/Local Sites/tayloredlocal/app/public/wp-content/plugins/ci-store-plugin/suppliers/supplier_wps.php
2024-03-27T03:28:55+00:00	2                             :ln:Trying to access array offset on value of type null	/Users/jasoncontento/Local Sites/tayloredlocal/app/public/wp-content/plugins/ci-store-plugin/suppliers/supplier_wps.php
2024-03-27T03:35:50+00:00	2                             :ln:Undefined array key "items"	/Users/jasoncontento/Local Sites/tayloredlocal/app/public/wp-content/plugins/ci-store-plugin/suppliers/supplier_wps.php
2024-03-27T03:35:50+00:00	2                             :ln:Trying to access array offset on value of type null	/Users/jasoncontento/Local Sites/tayloredlocal/app/public/wp-content/plugins/ci-store-plugin/suppliers/supplier_wps.php
2024-03-27T03:35:57+00:00	2                             :ln:Undefined array key "items"	/Users/jasoncontento/Local Sites/tayloredlocal/app/public/wp-content/plugins/ci-store-plugin/suppliers/supplier_wps.php
2024-03-27T03:35:57+00:00	2                             :ln:Trying to access array offset on value of type null	/Users/jasoncontento/Local Sites/tayloredlocal/app/public/wp-content/plugins/ci-store-plugin/suppliers/supplier_wps.php
2024-03-27T03:36:54+00:00	2                             :ln:Undefined array key "items"	/Users/jasoncontento/Local Sites/tayloredlocal/app/public/wp-content/plugins/ci-store-plugin/suppliers/supplier_wps.php
2024-03-27T03:36:54+00:00	2                             :ln:Trying to access array offset on value of type null	/Users/jasoncontento/Local Sites/tayloredlocal/app/public/wp-content/plugins/ci-store-plugin/suppliers/supplier_wps.php
2024-03-27T03:37:01+00:00	2                             :ln:Undefined array key "items"	/Users/jasoncontento/Local Sites/tayloredlocal/app/public/wp-content/plugins/ci-store-plugin/suppliers/supplier_wps.php
2024-03-27T03:37:01+00:00	2                             :ln:Trying to access array offset on value of type null	/Users/jasoncontento/Local Sites/tayloredlocal/app/public/wp-content/plugins/ci-store-plugin/suppliers/supplier_wps.php
2024-03-27T03:37:10+00:00	2                             :ln:Undefined array key "items"	/Users/jasoncontento/Local Sites/tayloredlocal/app/public/wp-content/plugins/ci-store-plugin/suppliers/supplier_wps.php
2024-03-27T03:37:10+00:00	2                             :ln:Trying to access array offset on value of type null	/Users/jasoncontento/Local Sites/tayloredlocal/app/public/wp-content/plugins/ci-store-plugin/suppliers/supplier_wps.php
2024-03-27T03:37:46+00:00	2                             :ln:Undefined array key "items"	/Users/jasoncontento/Local Sites/tayloredlocal/app/public/wp-content/plugins/ci-store-plugin/suppliers/supplier_wps.php
2024-03-27T03:37:46+00:00	2                             :ln:Trying to access array offset on value of type null	/Users/jasoncontento/Local Sites/tayloredlocal/app/public/wp-content/plugins/ci-store-plugin/suppliers/supplier_wps.php
2024-03-27T03:37:51+00:00	2                             :ln:Undefined array key "items"	/Users/jasoncontento/Local Sites/tayloredlocal/app/public/wp-content/plugins/ci-store-plugin/suppliers/supplier_wps.php
2024-03-27T03:37:51+00:00	2                             :ln:Trying to access array offset on value of type null	/Users/jasoncontento/Local Sites/tayloredlocal/app/public/wp-content/plugins/ci-store-plugin/suppliers/supplier_wps.php
2024-03-27T03:37:52+00:00	2                             :ln:Undefined array key "items"	/Users/jasoncontento/Local Sites/tayloredlocal/app/public/wp-content/plugins/ci-store-plugin/suppliers/supplier_wps.php
2024-03-27T03:37:52+00:00	2                             :ln:Trying to access array offset on value of type null	/Users/jasoncontento/Local Sites/tayloredlocal/app/public/wp-content/plugins/ci-store-plugin/suppliers/supplier_wps.php
2024-03-27T03:37:55+00:00	2                             :ln:Undefined array key "items"	/Users/jasoncontento/Local Sites/tayloredlocal/app/public/wp-content/plugins/ci-store-plugin/suppliers/supplier_wps.php
2024-03-27T03:37:55+00:00	2                             :ln:Trying to access array offset on value of type null	/Users/jasoncontento/Local Sites/tayloredlocal/app/public/wp-content/plugins/ci-store-plugin/suppliers/supplier_wps.php
2024-03-27T03:38:05+00:00	2                             :ln:Undefined array key "items"	/Users/jasoncontento/Local Sites/tayloredlocal/app/public/wp-content/plugins/ci-store-plugin/suppliers/supplier_wps.php
2024-03-27T03:38:05+00:00	2                             :ln:Trying to access array offset on value of type null	/Users/jasoncontento/Local Sites/tayloredlocal/app/public/wp-content/plugins/ci-store-plugin/suppliers/supplier_wps.php
2024-03-27T03:38:07+00:00	2                             :ln:Undefined array key "items"	/Users/jasoncontento/Local Sites/tayloredlocal/app/public/wp-content/plugins/ci-store-plugin/suppliers/supplier_wps.php
2024-03-27T03:38:07+00:00	2                             :ln:Trying to access array offset on value of type null	/Users/jasoncontento/Local Sites/tayloredlocal/app/public/wp-content/plugins/ci-store-plugin/suppliers/supplier_wps.php
2024-03-27T03:38:11+00:00	2                             :ln:Undefined array key "items"	/Users/jasoncontento/Local Sites/tayloredlocal/app/public/wp-content/plugins/ci-store-plugin/suppliers/supplier_wps.php
2024-03-27T03:38:11+00:00	2                             :ln:Trying to access array offset on value of type null	/Users/jasoncontento/Local Sites/tayloredlocal/app/public/wp-content/plugins/ci-store-plugin/suppliers/supplier_wps.php
2024-03-27T03:38:22+00:00	2                             :ln:Undefined array key "items"	/Users/jasoncontento/Local Sites/tayloredlocal/app/public/wp-content/plugins/ci-store-plugin/suppliers/supplier_wps.php
2024-03-27T03:38:22+00:00	2                             :ln:Trying to access array offset on value of type null	/Users/jasoncontento/Local Sites/tayloredlocal/app/public/wp-content/plugins/ci-store-plugin/suppliers/supplier_wps.php
2024-03-27T03:38:32+00:00	2                             :ln:Undefined array key "items"	/Users/jasoncontento/Local Sites/tayloredlocal/app/public/wp-content/plugins/ci-store-plugin/suppliers/supplier_wps.php
2024-03-27T03:38:32+00:00	2                             :ln:Trying to access array offset on value of type null	/Users/jasoncontento/Local Sites/tayloredlocal/app/public/wp-content/plugins/ci-store-plugin/suppliers/supplier_wps.php
2024-03-27T03:38:34+00:00	2                             :ln:Undefined array key "items"	/Users/jasoncontento/Local Sites/tayloredlocal/app/public/wp-content/plugins/ci-store-plugin/suppliers/supplier_wps.php
2024-03-27T03:38:34+00:00	2                             :ln:Trying to access array offset on value of type null	/Users/jasoncontento/Local Sites/tayloredlocal/app/public/wp-content/plugins/ci-store-plugin/suppliers/supplier_wps.php
2024-03-27T03:38:36+00:00	2                             :ln:Undefined array key "items"	/Users/jasoncontento/Local Sites/tayloredlocal/app/public/wp-content/plugins/ci-store-plugin/suppliers/supplier_wps.php
2024-03-27T03:38:36+00:00	2                             :ln:Trying to access array offset on value of type null	/Users/jasoncontento/Local Sites/tayloredlocal/app/public/wp-content/plugins/ci-store-plugin/suppliers/supplier_wps.php
2024-03-27T03:38:47+00:00	2                             :ln:Undefined array key "items"	/Users/jasoncontento/Local Sites/tayloredlocal/app/public/wp-content/plugins/ci-store-plugin/suppliers/supplier_wps.php
2024-03-27T03:38:47+00:00	2                             :ln:Trying to access array offset on value of type null	/Users/jasoncontento/Local Sites/tayloredlocal/app/public/wp-content/plugins/ci-store-plugin/suppliers/supplier_wps.php
