2024-04-07T17:59:57+00:00	wps:61829 patch:images
2024-04-07T17:59:58+00:00	wps:61833 patch:images
2024-04-07T18:00:00+00:00	wps:61842 patch:images
2024-04-07T18:00:01+00:00	wps:61853 patch:images
2024-04-07T18:00:02+00:00	wps:61855 patch:images
2024-04-07T18:00:03+00:00	wps:61868 patch:images
2024-04-07T18:00:03+00:00	wps:61871 ignore:images
2024-04-07T18:00:03+00:00	wps:61873 ignore:images
2024-04-07T18:00:03+00:00	wps:61874 ignore:images
2024-04-07T18:00:04+00:00	wps:61909 ignore:images
2024-04-07T18:00:04+00:00	wps:61910 ignore:images
2024-04-07T18:00:04+00:00	wps:61912 ignore:images
2024-04-07T18:00:04+00:00	wps:61913 ignore:images
2024-04-07T18:00:11+00:00	wps:61930 patch:images
2024-04-07T18:00:14+00:00	wps:62000 patch:images
2024-04-07T18:00:19+00:00	wps:62019 patch:images
2024-04-07T18:00:21+00:00	wps:62027 patch:images
2024-04-07T18:00:21+00:00	wps:62029 ignore:images
2024-04-07T18:00:21+00:00	wps:62030 ignore:images
2024-04-07T18:00:21+00:00	wps:62031 patch:images
2024-04-07T18:00:22+00:00	wps:62032 patch:images
2024-04-07T18:00:22+00:00	wps:62033 ignore:images
2024-04-07T18:00:23+00:00	wps:62034 patch:images
2024-04-07T18:00:23+00:00	wps:62050 ignore:images
2024-04-07T18:00:23+00:00	wps:62053 ignore:images
2024-04-07T18:00:23+00:00	wps:62054 ignore:images
2024-04-07T18:00:23+00:00	wps:62056 ignore:images
2024-04-07T18:00:23+00:00	wps:62059 ignore:images
2024-04-07T18:00:23+00:00	wps:62060 ignore:images
2024-04-07T18:00:23+00:00	wps:62061 ignore:images
2024-04-07T18:00:23+00:00	wps:62062 ignore:images
2024-04-07T18:00:23+00:00	wps:62071 ignore:images
2024-04-07T18:00:23+00:00	wps:62073 ignore:images
2024-04-07T18:00:23+00:00	wps:62075 ignore:images
2024-04-07T18:00:23+00:00	wps:62086 ignore:images
2024-04-07T18:00:23+00:00	wps:62088 ignore:images
2024-04-07T18:00:23+00:00	wps:62098 ignore:images
2024-04-07T18:00:23+00:00	wps:62102 ignore:images
2024-04-07T18:00:23+00:00	wps:62106 ignore:images
2024-04-07T18:00:23+00:00	wps:62109 ignore:images
2024-04-07T18:00:24+00:00	wps:62112 ignore:images
2024-04-07T18:00:24+00:00	wps:62114 ignore:images
2024-04-07T18:00:24+00:00	wps:62115 ignore:images
2024-04-07T18:00:24+00:00	wps:62116 ignore:images
2024-04-07T18:00:24+00:00	wps:62117 ignore:images
2024-04-07T18:00:24+00:00	wps:62119 ignore:images
2024-04-07T18:00:24+00:00	wps:62120 ignore:images
2024-04-07T18:00:24+00:00	wps:62127 ignore:images
2024-04-07T18:00:24+00:00	wps:62128 ignore:images
2024-04-07T18:00:24+00:00	wps:62129 ignore:images
2024-04-07T18:00:24+00:00	wps:62130 ignore:images
2024-04-07T18:00:24+00:00	wps:62131 ignore:images
2024-04-07T18:00:24+00:00	wps:62132 ignore:images
2024-04-07T18:00:24+00:00	wps:62133 ignore:images
2024-04-07T18:00:24+00:00	wps:62134 ignore:images
2024-04-07T18:00:24+00:00	wps:62135 ignore:images
2024-04-07T18:00:24+00:00	wps:62138 ignore:images
2024-04-07T18:00:24+00:00	wps:62142 ignore:images
2024-04-07T18:00:24+00:00	wps:62146 ignore:images
2024-04-07T18:00:25+00:00	wps:62148 ignore:images
2024-04-07T18:00:25+00:00	wps:62152 ignore:images
2024-04-07T18:00:25+00:00	wps:62156 ignore:images
2024-04-07T18:00:25+00:00	wps:62160 ignore:images
2024-04-07T18:00:25+00:00	wps:62164 ignore:images
2024-04-07T18:00:25+00:00	wps:62172 ignore:images
2024-04-07T18:00:25+00:00	wps:62174 ignore:images
2024-04-07T18:00:25+00:00	wps:62175 ignore:images
2024-04-07T18:00:25+00:00	wps:62177 ignore:images
2024-04-07T18:00:25+00:00	wps:62180 ignore:images
2024-04-07T18:00:25+00:00	
	ignore: (71) 61665,61667,61668,61669,61670,61671,61673,61675,61676,61677,61681,61685,61686,61688,61742,61871,61873,61874,61909,61910,61912,61913,62029,62030,62033,62050,62053,62054,62056,62059,62060,62061,62062,62071,62073,62075,62086,62088,62098,62102,62106,62109,62112,62114,62115,62116,62117,62119,62120,62127,62128,62129,62130,62131,62132,62133,62134,62135,62138,62142,62146,62148,62152,62156,62160,62164,62172,62174,62175,62177,62180
	patch: (29) 61672,61674,61689,61702,61706,61713,61732,61741,61743,61749,61753,61764,61809,61811,61814,61825,61829,61833,61842,61853,61855,61868,61930,62000,62019,62027,62031,62032,62034
2024-04-07T18:00:38+00:00	{"cursor":"1poYDGpX0aDk","page_size":100,"updated":"2020-01-01"}
2024-04-07T18:00:39+00:00	Recieved 100 products
2024-04-07T18:00:39+00:00	wps:62185 ignore:images
2024-04-07T18:00:39+00:00	wps:62190 ignore:images
2024-04-07T18:00:39+00:00	wps:62191 ignore:images
2024-04-07T18:00:39+00:00	wps:62201 ignore:images
2024-04-07T18:00:39+00:00	wps:62204 ignore:images
2024-04-07T18:00:39+00:00	wps:62205 ignore:images
2024-04-07T18:00:39+00:00	wps:62209 ignore:images
2024-04-07T18:00:39+00:00	wps:62210 ignore:images
2024-04-07T18:00:39+00:00	wps:62216 ignore:images
2024-04-07T18:00:40+00:00	wps:62229 ignore:images
2024-04-07T18:00:40+00:00	wps:62231 ignore:images
2024-04-07T18:00:40+00:00	wps:62234 ignore:images
2024-04-07T18:00:40+00:00	wps:62236 ignore:images
2024-04-07T18:00:40+00:00	wps:62238 ignore:images
2024-04-07T18:00:40+00:00	wps:62240 ignore:images
2024-04-07T18:00:40+00:00	wps:62242 ignore:images
2024-04-07T18:00:40+00:00	wps:62244 ignore:images
2024-04-07T18:00:40+00:00	wps:62247 ignore:images
2024-04-07T18:00:40+00:00	wps:62260 ignore:images
2024-04-07T18:00:40+00:00	wps:62269 ignore:images
2024-04-07T18:00:40+00:00	wps:62295 ignore:images
2024-04-07T18:00:40+00:00	wps:62298 ignore:images
2024-04-07T18:00:40+00:00	wps:62327 ignore:images
2024-04-07T18:00:40+00:00	wps:62363 ignore:images
2024-04-07T18:00:40+00:00	wps:62379 ignore:images
2024-04-07T18:00:40+00:00	wps:62395 ignore:images
2024-04-07T18:00:41+00:00	wps:62402 ignore:images
2024-04-07T18:00:41+00:00	wps:62409 ignore:images
2024-04-07T18:00:41+00:00	wps:62420 ignore:images
2024-04-07T18:00:41+00:00	wps:62421 ignore:images
2024-04-07T18:00:41+00:00	wps:62427 ignore:images
2024-04-07T18:00:41+00:00	wps:62439 ignore:images
2024-04-07T18:00:41+00:00	wps:62445 ignore:images
2024-04-07T18:00:41+00:00	wps:62450 ignore:images
2024-04-07T18:00:41+00:00	wps:62461 ignore:images
2024-04-07T18:00:41+00:00	wps:62538 ignore:images
2024-04-07T18:00:41+00:00	wps:62572 ignore:images
2024-04-07T18:00:41+00:00	wps:62573 ignore:images
2024-04-07T18:00:41+00:00	wps:62575 ignore:images
2024-04-07T18:00:41+00:00	wps:62576 ignore:images
2024-04-07T18:00:41+00:00	wps:62579 ignore:images
2024-04-07T18:00:41+00:00	wps:62582 ignore:images
2024-04-07T18:00:41+00:00	wps:62627 ignore:images
2024-04-07T18:00:41+00:00	wps:62655 ignore:images
2024-04-07T18:00:41+00:00	wps:62663 ignore:images
2024-04-07T18:00:42+00:00	wps:62696 ignore:images
2024-04-07T18:00:42+00:00	wps:62732 ignore:images
2024-04-07T18:00:42+00:00	wps:62736 ignore:images
2024-04-07T18:00:42+00:00	wps:62737 ignore:images
2024-04-07T18:00:42+00:00	wps:62752 ignore:images
2024-04-07T18:00:42+00:00	wps:62753 ignore:images
2024-04-07T18:00:42+00:00	wps:62754 ignore:images
2024-04-07T18:00:42+00:00	wps:62755 ignore:images
2024-04-07T18:00:42+00:00	wps:62762 ignore:images
2024-04-07T18:00:42+00:00	wps:62763 ignore:images
2024-04-07T18:00:42+00:00	wps:62765 ignore:images
2024-04-07T18:00:42+00:00	wps:62766 ignore:images
2024-04-07T18:00:42+00:00	wps:62767 ignore:images
2024-04-07T18:00:42+00:00	wps:62768 ignore:images
2024-04-07T18:00:42+00:00	wps:62769 ignore:images
2024-04-07T18:00:42+00:00	wps:62770 ignore:images
2024-04-07T18:00:42+00:00	wps:62771 ignore:images
2024-04-07T18:00:42+00:00	wps:62789 ignore:images
2024-04-07T18:00:43+00:00	wps:62791 patch:images
2024-04-07T18:00:44+00:00	wps:62792 patch:images
2024-04-07T18:00:45+00:00	wps:62793 patch:images
2024-04-07T18:00:46+00:00	wps:62794 patch:images
2024-04-07T18:00:46+00:00	wps:62795 patch:images
2024-04-07T18:00:47+00:00	wps:62796 patch:images
2024-04-07T18:00:48+00:00	wps:62797 patch:images
2024-04-07T18:00:48+00:00	wps:62798 patch:images
2024-04-07T18:00:49+00:00	wps:62799 patch:images
2024-04-07T18:00:50+00:00	wps:62800 patch:images
2024-04-07T18:00:50+00:00	wps:62803 ignore:images
2024-04-07T18:00:51+00:00	wps:62804 patch:images
2024-04-07T18:00:52+00:00	wps:62806 patch:images
2024-04-07T18:00:53+00:00	wps:62807 patch:images
2024-04-07T18:00:53+00:00	wps:62808 patch:images
2024-04-07T18:00:53+00:00	wps:62809 ignore:images
2024-04-07T18:00:54+00:00	wps:62810 patch:images
2024-04-07T18:00:55+00:00	wps:62811 patch:images
2024-04-07T18:00:56+00:00	wps:62812 patch:images
2024-04-07T18:00:56+00:00	wps:62816 patch:images
2024-04-07T18:00:57+00:00	wps:62817 patch:images
2024-04-07T18:00:58+00:00	wps:62818 patch:images
2024-04-07T18:00:58+00:00	wps:62819 patch:images
2024-04-07T18:00:59+00:00	wps:62820 patch:images
2024-04-07T18:01:00+00:00	wps:62821 patch:images
2024-04-07T18:01:01+00:00	wps:62822 patch:images
2024-04-07T18:01:01+00:00	wps:62823 ignore:images
2024-04-07T18:01:01+00:00	wps:62824 patch:images
2024-04-07T18:01:01+00:00	wps:62825 ignore:images
2024-04-07T18:01:02+00:00	wps:62826 ignore:images
2024-04-07T18:01:02+00:00	wps:62830 ignore:images
2024-04-07T18:01:02+00:00	wps:62832 ignore:images
2024-04-07T18:01:02+00:00	wps:62835 ignore:images
2024-04-07T18:01:02+00:00	wps:62837 ignore:images
2024-04-07T18:01:02+00:00	wps:62850 ignore:images
2024-04-07T18:01:02+00:00	wps:62852 ignore:images
2024-04-07T18:01:02+00:00	wps:62853 ignore:images
2024-04-07T18:01:02+00:00	
	ignore: (75) 62185,62190,62191,62201,62204,62205,62209,62210,62216,62229,62231,62234,62236,62238,62240,62242,62244,62247,62260,62269,62295,62298,62327,62363,62379,62395,62402,62409,62420,62421,62427,62439,62445,62450,62461,62538,62572,62573,62575,62576,62579,62582,62627,62655,62663,62696,62732,62736,62737,62752,62753,62754,62755,62762,62763,62765,62766,62767,62768,62769,62770,62771,62789,62803,62809,62823,62825,62826,62830,62832,62835,62837,62850,62852,62853
	patch: (25) 62791,62792,62793,62794,62795,62796,62797,62798,62799,62800,62804,62806,62807,62808,62810,62811,62812,62816,62817,62818,62819,62820,62821,62822,62824
2024-04-07T18:01:04+00:00	{"cursor":"1poYDGWA0aDk","page_size":100,"updated":"2020-01-01"}
2024-04-07T18:01:05+00:00	Recieved 100 products
2024-04-07T18:01:05+00:00	wps:62855 ignore:images
2024-04-07T18:01:05+00:00	wps:62856 ignore:images
2024-04-07T18:01:05+00:00	wps:62859 ignore:images
2024-04-07T18:01:05+00:00	wps:62862 ignore:images
2024-04-07T18:01:05+00:00	wps:62863 ignore:images
2024-04-07T18:01:06+00:00	wps:62865 ignore:images
2024-04-07T18:01:06+00:00	wps:62866 ignore:images
2024-04-07T18:01:06+00:00	wps:62867 ignore:images
2024-04-07T18:01:06+00:00	wps:62868 ignore:images
2024-04-07T18:01:06+00:00	wps:62870 ignore:images
2024-04-07T18:01:06+00:00	wps:62871 ignore:images
2024-04-07T18:01:06+00:00	wps:62872 ignore:images
2024-04-07T18:01:06+00:00	wps:62873 ignore:images
2024-04-07T18:01:06+00:00	wps:62874 ignore:images
2024-04-07T18:01:07+00:00	wps:62875 patch:images
2024-04-07T18:01:08+00:00	wps:62876 patch:images
2024-04-07T18:01:09+00:00	wps:62884 patch:images
2024-04-07T18:01:10+00:00	wps:62891 patch:images
2024-04-07T18:01:10+00:00	wps:62893 ignore:images
2024-04-07T18:01:10+00:00	wps:62894 ignore:images
2024-04-07T18:01:10+00:00	wps:62895 ignore:images
2024-04-07T18:01:11+00:00	wps:62896 patch:images
2024-04-07T18:01:12+00:00	wps:62897 patch:images
2024-04-07T18:01:13+00:00	wps:62898 patch:images
2024-04-07T18:01:13+00:00	wps:62903 ignore:images
2024-04-07T18:01:13+00:00	wps:62904 ignore:images
2024-04-07T18:01:14+00:00	wps:62905 patch:images
2024-04-07T18:01:16+00:00	wps:62917 patch:images
2024-04-07T18:01:16+00:00	wps:62920 ignore:images
2024-04-07T18:01:17+00:00	wps:62921 patch:images
2024-04-07T18:01:18+00:00	wps:62922 patch:images
2024-04-07T18:01:19+00:00	wps:62928 patch:images
2024-04-07T18:01:19+00:00	wps:62931 patch:images
2024-04-07T18:01:20+00:00	wps:62936 patch:images
2024-04-07T18:01:20+00:00	wps:62937 ignore:images
2024-04-07T18:01:21+00:00	wps:62939 patch:images
2024-04-07T18:01:22+00:00	wps:62940 patch:images
2024-04-07T18:01:22+00:00	wps:62943 patch:images
2024-04-07T18:01:23+00:00	wps:62944 patch:images
2024-04-07T18:01:24+00:00	wps:62945 patch:images
2024-04-07T18:01:25+00:00	wps:62947 patch:images
2024-04-07T18:01:26+00:00	wps:62949 patch:images
2024-04-07T18:01:27+00:00	wps:62950 patch:images
2024-04-07T18:01:27+00:00	wps:62952 ignore:images
2024-04-07T18:01:28+00:00	wps:62954 patch:images
2024-04-07T18:01:28+00:00	wps:62955 ignore:images
2024-04-07T18:01:28+00:00	wps:62956 ignore:images
2024-04-07T18:01:28+00:00	wps:62957 ignore:images
2024-04-07T18:01:28+00:00	wps:62958 ignore:images
2024-04-07T18:01:28+00:00	wps:62959 ignore:images
2024-04-07T18:01:28+00:00	wps:62960 ignore:images
2024-04-07T18:01:28+00:00	wps:62961 ignore:images
2024-04-07T18:01:28+00:00	wps:62962 ignore:images
2024-04-07T18:01:28+00:00	wps:62963 ignore:images
2024-04-07T18:01:28+00:00	wps:62964 ignore:images
2024-04-07T18:01:28+00:00	wps:62965 ignore:images
2024-04-07T18:01:28+00:00	wps:62966 ignore:images
2024-04-07T18:01:29+00:00	wps:62967 ignore:images
2024-04-07T18:01:29+00:00	wps:62968 ignore:images
2024-04-07T18:01:29+00:00	wps:62969 ignore:images
2024-04-07T18:01:29+00:00	wps:62970 ignore:images
2024-04-07T18:01:29+00:00	wps:62971 ignore:images
2024-04-07T18:01:29+00:00	wps:62975 ignore:images
2024-04-07T18:01:29+00:00	wps:62982 ignore:images
2024-04-07T18:01:29+00:00	wps:62983 ignore:images
2024-04-07T18:01:29+00:00	wps:62984 ignore:images
2024-04-07T18:01:29+00:00	wps:62985 ignore:images
2024-04-07T18:01:29+00:00	wps:62988 ignore:images
2024-04-07T18:01:29+00:00	wps:62991 ignore:images
2024-04-07T18:01:29+00:00	wps:62997 ignore:images
2024-04-07T18:01:29+00:00	wps:62998 ignore:images
2024-04-07T18:01:29+00:00	wps:62999 ignore:images
2024-04-07T18:01:29+00:00	wps:63000 ignore:images
2024-04-07T18:01:29+00:00	wps:63001 ignore:images
2024-04-07T18:01:29+00:00	wps:63002 ignore:images
2024-04-07T18:01:29+00:00	wps:63003 ignore:images
2024-04-07T18:01:30+00:00	wps:63004 ignore:images
2024-04-07T18:01:30+00:00	wps:63005 ignore:images
2024-04-07T18:01:30+00:00	wps:63007 ignore:images
2024-04-07T18:01:30+00:00	wps:63008 ignore:images
2024-04-07T18:01:30+00:00	wps:63009 ignore:images
2024-04-07T18:01:30+00:00	wps:63010 ignore:images
2024-04-07T18:01:30+00:00	wps:63011 ignore:images
2024-04-07T18:01:30+00:00	wps:63012 ignore:images
2024-04-07T18:01:30+00:00	wps:63013 ignore:images
2024-04-07T18:01:30+00:00	wps:63015 ignore:images
2024-04-07T18:01:30+00:00	wps:63016 ignore:images
2024-04-07T18:01:30+00:00	wps:63017 ignore:images
2024-04-07T18:01:30+00:00	wps:63020 ignore:images
2024-04-07T18:01:30+00:00	wps:63021 ignore:images
2024-04-07T18:01:30+00:00	wps:63022 ignore:images
2024-04-07T18:01:30+00:00	wps:63044 ignore:images
2024-04-07T18:01:30+00:00	wps:63045 ignore:images
2024-04-07T18:01:30+00:00	wps:63047 ignore:images
2024-04-07T18:01:30+00:00	wps:63063 ignore:images
2024-04-07T18:01:31+00:00	wps:63069 ignore:images
2024-04-07T18:01:31+00:00	wps:63071 ignore:images
2024-04-07T18:01:31+00:00	wps:63076 patch:images
2024-04-07T18:01:32+00:00	wps:63078 patch:images
2024-04-07T18:01:33+00:00	wps:63079 patch:images
2024-04-07T18:01:33+00:00	
	ignore: (74) 62855,62856,62859,62862,62863,62865,62866,62867,62868,62870,62871,62872,62873,62874,62893,62894,62895,62903,62904,62920,62937,62952,62955,62956,62957,62958,62959,62960,62961,62962,62963,62964,62965,62966,62967,62968,62969,62970,62971,62975,62982,62983,62984,62985,62988,62991,62997,62998,62999,63000,63001,63002,63003,63004,63005,63007,63008,63009,63010,63011,63012,63013,63015,63016,63017,63020,63021,63022,63044,63045,63047,63063,63069,63071
	patch: (26) 62875,62876,62884,62891,62896,62897,62898,62905,62917,62921,62922,62928,62931,62936,62939,62940,62943,62944,62945,62947,62949,62950,62954,63076,63078,63079
2024-04-07T18:01:52+00:00	{"cursor":"1poYDGnn0aDk","page_size":100,"updated":"2020-01-01"}
2024-04-07T18:01:53+00:00	Recieved 100 products
2024-04-07T18:01:54+00:00	wps:63083 patch:images
2024-04-07T18:01:55+00:00	wps:63084 patch:images
2024-04-07T18:01:55+00:00	wps:63091 ignore:images
2024-04-07T18:01:55+00:00	wps:63093 ignore:images
2024-04-07T18:01:55+00:00	wps:63100 ignore:images
2024-04-07T18:01:56+00:00	wps:63110 patch:images
2024-04-07T18:01:56+00:00	wps:63111 ignore:images
2024-04-07T18:01:56+00:00	wps:63114 ignore:images
2024-04-07T18:01:57+00:00	wps:63117 patch:images
2024-04-07T18:01:57+00:00	wps:63156 ignore:images
2024-04-07T18:01:57+00:00	wps:63160 ignore:images
2024-04-07T18:01:57+00:00	wps:63174 ignore:images
2024-04-07T18:01:58+00:00	wps:63185 patch:images
2024-04-07T18:01:59+00:00	wps:63186 patch:images
2024-04-07T18:01:59+00:00	wps:63187 ignore:images
2024-04-07T18:02:00+00:00	wps:63189 patch:images
2024-04-07T18:02:01+00:00	wps:63190 patch:images
2024-04-07T18:02:01+00:00	wps:63197 patch:images
2024-04-07T18:02:02+00:00	wps:63201 patch:images
2024-04-07T18:02:03+00:00	wps:63202 patch:images
2024-04-07T18:02:04+00:00	wps:63205 patch:images
2024-04-07T18:02:04+00:00	wps:63207 ignore:images
2024-04-07T18:02:05+00:00	wps:63208 patch:images
2024-04-07T18:02:05+00:00	wps:63209 ignore:images
2024-04-07T18:02:05+00:00	wps:63210 ignore:images
2024-04-07T18:02:05+00:00	wps:63211 ignore:images
2024-04-07T18:02:05+00:00	wps:63212 ignore:images
2024-04-07T18:02:06+00:00	wps:63213 patch:images
2024-04-07T18:02:07+00:00	wps:63214 patch:images
2024-04-07T18:02:08+00:00	wps:63215 patch:images
2024-04-07T18:02:08+00:00	wps:63216 patch:images
2024-04-07T18:02:09+00:00	wps:63217 patch:images
2024-04-07T18:02:09+00:00	wps:63218 ignore:images
2024-04-07T18:02:09+00:00	wps:63219 ignore:images
2024-04-07T18:02:10+00:00	wps:63220 patch:images
2024-04-07T18:02:10+00:00	wps:63221 ignore:images
2024-04-07T18:02:11+00:00	wps:63222 patch:images
2024-04-07T18:02:12+00:00	wps:63224 patch:images
2024-04-07T18:02:12+00:00	wps:63228 ignore:images
2024-04-07T18:02:13+00:00	wps:63229 patch:images
2024-04-07T18:02:13+00:00	wps:63232 ignore:images
2024-04-07T18:02:13+00:00	wps:63234 ignore:images
2024-04-07T18:02:13+00:00	wps:63235 ignore:images
2024-04-07T18:02:13+00:00	wps:63236 ignore:images
2024-04-07T18:02:13+00:00	wps:63237 ignore:images
2024-04-07T18:02:14+00:00	wps:63238 patch:images
2024-04-07T18:02:15+00:00	wps:63239 patch:images
2024-04-07T18:02:15+00:00	wps:63242 ignore:images
2024-04-07T18:02:15+00:00	wps:63243 ignore:images
2024-04-07T18:02:15+00:00	wps:63244 ignore:images
2024-04-07T18:02:16+00:00	wps:63246 patch:images
2024-04-07T18:02:17+00:00	wps:63248 patch:images
2024-04-07T18:02:17+00:00	wps:63249 ignore:images
2024-04-07T18:02:17+00:00	wps:63250 ignore:images
2024-04-07T18:02:17+00:00	wps:63251 ignore:images
2024-04-07T18:02:18+00:00	wps:63252 patch:images
2024-04-07T18:02:18+00:00	wps:63253 ignore:images
2024-04-07T18:02:18+00:00	wps:63254 ignore:images
2024-04-07T18:02:18+00:00	wps:63255 ignore:images
2024-04-07T18:02:18+00:00	wps:63256 ignore:images
2024-04-07T18:02:19+00:00	wps:63257 patch:images
2024-04-07T18:02:19+00:00	wps:63258 patch:images
2024-04-07T18:02:20+00:00	wps:63260 patch:images
2024-04-07T18:02:21+00:00	wps:63262 patch:images
2024-04-07T18:02:21+00:00	wps:63264 ignore:images
